## Test Results ✅ All Tests Passed

**37/37 tests passed** for the compliance service:

### Handler Tests (33 integration tests)
- ✅ Health endpoint
- ✅ Create control (all frameworks: fedramp, hipaa, gdpr, soc2)
- ✅ List controls (with filtering and pagination)
- ✅ Get control by ID
- ✅ Update control status
- ✅ Audit events (create, query, export JSON/CSV)
- ✅ Data breaches (create, list, all severities)
- ✅ Pending reviews (default and custom days)
- ✅ Generate report (all frameworks)
- ✅ Summary endpoint
- ✅ Full workflow integration test

### Unit Tests (4)
- ✅ Health handler
- ✅ List controls empty
- ✅ Create control
- ✅ Invalid framework handling

The implementation is complete and all tests pass successfully. The nullable user foreign key columns in compliance tables allow system-generated reports and auto-closed findings without requiring an associated user.
