I have successfully implemented all the frontend observability components for the OpenPrint dashboard. Here's a summary of what was created:

## Components Created

### 1. **RealTimeMetricsChart** (`RealTimeMetricsChart.tsx`)
- Live metric visualization with auto-refresh
- Supports custom PromQL queries
- Includes `MultiMetricsChart` variant for multiple metrics
- Fallback to mock data when Prometheus is unavailable
- Configurable colors, time ranges, and refresh intervals

### 2. **PrometheusQueryBuilder** (`PrometheusQueryBuilder.tsx`)
- Interactive PromQL query builder with library of common queries
- Query categories: HTTP Metrics, Database Metrics, Redis Metrics, System Resources
- Quick templates for common alert rules
- Result display with formatted tables
- Includes `CompactQueryRunner` for embedding in other components

### 3. **AlertRulesManager** (`AlertRulesManager.tsx`)
- Create, edit, delete, and toggle alert rules
- Pre-built templates for common scenarios (High Error Rate, High Latency, Service Down, etc.)
- Severity levels: Critical, Warning, Info, None
- Duration presets and custom PromQL queries
- Annotation templates for alert messages

### 4. **ServiceDependencyGraph** (`ServiceDependencyGraph.tsx`)
- Canvas-based visualization of service dependencies
- Interactive nodes with click-to-view details
- Status-based coloring (healthy/degraded/unhealthy)
- Dependency edges between services
- Includes `DependencyGraphLegend` component

### 5. **LogViewer** (`LogViewer.tsx`)
- Real-time log viewing with auto-scroll
- Log level filtering (debug/info/warn/error)
- Service filtering
- Search functionality
- Expandable log entries with stack traces and fields
- Includes `generateMockLogs()` helper for development

## Files Created/Modified

**Created:**
- `/web/dashboard/src/components/observability/RealTimeMetricsChart.tsx`
- `/web/dashboard/src/components/observability/PrometheusQueryBuilder.tsx`
- `/web/dashboard/src/components/observability/AlertRulesManager.tsx`
- `/web/dashboard/src/components/observability/ServiceDependencyGraph.tsx`
- `/web/dashboard/src/components/observability/LogViewer.tsx`
- `/web/dashboard/e2e/tests/observability-components.spec.ts`

**Modified:**
- `/web/dashboard/src/components/observability/index.ts` - Added exports for new components
- `/web/dashboard/src/components/icons/index.tsx` - Added missing icons (ChevronDown, ChevronRight, Play, BookOpen)

All components:
- Follow the existing design patterns (Tailwind CSS, dark mode support)
- Include TypeScript types
- Have proper error handling and loading states
- Include E2E test coverage
- Pass TypeScript type checking
