All security vulnerabilities have been fixed. Here's a summary of the changes:

## Security Fixes Summary

### 1. SHA-1 Signature Support Removed (HIGH → FIXED)
**File**: `internal/auth/saml/saml.go`
- Removed `AllowSHA1Signatures` config field
- Removed SHA-1 import and signature verification code
- Modified signature verification to reject SHA-1 explicitly with clear error message directing IdP upgrade to SHA-256+
- Only SHA-256, SHA-384, and SHA-512 signature algorithms are now supported

### 2. Refresh Token Expiration Reduced (HIGH → FIXED)
**Files**: 
- `internal/auth/jwt/jwt.go` - Added `MaxRefreshDuration` constant (48 hours)
- `services/auth-service/handler/login.go` 
- `services/auth-service/handler/register.go`
- `services/auth-service/handler/http.go`
- `internal/auth/jwt/jwt_test.go`

**Change**: Reduced from 7 days to 48 hours maximum

### 3. Token Revocation/Blacklist Mechanism Implemented (HIGH → FIXED)
**Files**:
- `services/auth-service/repository/session.go` - Added:
  - `RevokeToken()` - Revokes a specific token
  - `IsTokenRevoked()` - Blacklist check
  - `RevokeUserTokens()` - Revokes all user tokens
  
- `services/auth-service/handler/logout.go` - Updated to use `RevokeUserTokens()`
- `services/auth-service/handler/refresh_token.go` - Added explicit revocation check before token refresh

### 4. Rate Limiting Applied to All Auth Endpoints (HIGH → FIXED)
**File**: `services/auth-service/main.go`

| Endpoint | Rate Limit | Purpose |
|----------|-----------|---------|
| `/auth/login` | 5/5min | Prevent brute force |
| `/auth/register` | 5/5min | Prevent account creation abuse |
| `/auth/refresh` | 10/5min | Prevent token abuse |
| `/auth/logout` | 10/5min | Prevent abuse |
| `/auth/oidc/` | 10/5min | Prevent OAuth abuse |
| `/auth/saml/acs` | 10/5min | Prevent SAML abuse |
| `/auth/me` | 60/5min | General endpoint |

### Test Results
All tests pass:
```
ok  	github.com/openprint/openprint/internal/auth/jwt	0.019s
ok  	github.com/openprint/openprint/internal/auth/saml	0.006s
ok  	github.com/openprint/openprint/services/auth-service/repository	0.352s
...
```

Build successful with `go build ./...`
