All tests pass. Here's a summary of the fixes I made:

## Summary of Fixes

### 1. PostgreSQL UUID Error (`services/registry-service/repository/agent.go`)
**Problem**: The `Update` method was passing an empty string directly to a UUID column, causing:
```
ERROR: invalid input syntax for type uuid: ""
```

**Fix**: Added `NULLIF($7, '')::uuid` to convert empty strings to NULL, matching what was already done in the `Create` method.

### 2. WebSocket Hijacker Error (`internal/shared/telemetry/middleware.go`)
**Problem**: The telemetry middleware's custom `responseWriter` wrapper didn't implement the `http.Hijacker` interface, causing:
```
Failed to upgrade to WebSocket: websocket: response does not implement http.Hijacker
```

**Fix**: 
- Added `bufio` and `net` imports
- Implemented the `Hijack()` method on `responseWriter` that delegates to the underlying `ResponseWriter` if it supports the interface
- Returns `http.ErrNotSupported` if the underlying writer doesn't implement `http.Hijacker`

### Files Changed
1. `/home/cmit/openprint/services/registry-service/repository/agent.go` - Fixed NULLIF in Update query
2. `/home/cmit/openprint/internal/shared/telemetry/middleware.go` - Added Hijacker support
3. `/home/cmit/openprint/internal/shared/telemetry/middleware_test.go` - Added test coverage for Hijacker
