[1/2] STEP 1/7: FROM golang:1.24-alpine AS builder
[1/2] STEP 2/7: RUN apk add --no-cache git
( 1/13) Installing brotli-libs (1.2.0-r0)
( 2/13) Installing c-ares (1.34.6-r0)
( 3/13) Installing libunistring (1.4.1-r0)
( 4/13) Installing libidn2 (2.3.8-r0)
( 5/13) Installing nghttp2-libs (1.68.0-r0)
( 6/13) Installing nghttp3 (1.13.1-r0)
( 7/13) Installing libpsl (0.21.5-r3)
( 8/13) Installing zstd-libs (1.5.7-r2)
( 9/13) Installing libcurl (8.17.0-r1)
(10/13) Installing libexpat (2.7.4-r0)
(11/13) Installing pcre2 (10.47-r0)
(12/13) Installing git (2.52.0-r0)
(13/13) Installing git-init-template (2.52.0-r0)
Executing busybox-1.37.0-r30.trigger
OK: 20.6 MiB in 30 packages
--> 881f13e23892
[1/2] STEP 3/7: WORKDIR /build
--> 60fda999a557
[1/2] STEP 4/7: COPY go.mod go.sum ./
--> 4cf9d57669e5
[1/2] STEP 5/7: RUN go mod download
--> db5015e85ae8
[1/2] STEP 6/7: COPY . .
--> d1e523f26c2f
[1/2] STEP 7/7: RUN CGO_ENABLED=0 GOOS=linux go build -a -installsuffix cgo -o auth-service ./services/auth-service
--> a54d8156ba51
[2/2] STEP 1/10: FROM alpine:3.20
Resolved "alpine" as an alias (/etc/containers/registries.conf.d/shortnames.conf)
Trying to pull docker.io/library/alpine:3.20...
Getting image source signatures
Copying blob sha256:76eb174b37c3e263a212412822299b58d4098a7f96715f18c7eb6932c98b7efd
Copying config sha256:cc9071bd161080c1a543f3023b7d0db905b497e6ae757fe078227803bc7e4dc8
Writing manifest to image destination
[2/2] STEP 2/10: RUN apk --no-cache add ca-certificates tzdata
fetch https://dl-cdn.alpinelinux.org/alpine/v3.20/main/x86_64/APKINDEX.tar.gz
fetch https://dl-cdn.alpinelinux.org/alpine/v3.20/community/x86_64/APKINDEX.tar.gz
(1/2) Installing ca-certificates (20250911-r0)
(2/2) Installing tzdata (2025c-r0)
Executing busybox-1.36.1-r31.trigger
Executing ca-certificates-20250911-r0.trigger
OK: 10 MiB in 16 packages
--> 0121fb22d597
[2/2] STEP 3/10: RUN addgroup -g 1000 appuser &&     adduser -D -u 1000 -G appuser appuser
--> 70676f8533f2
[2/2] STEP 4/10: WORKDIR /app
--> 44808aa3488b
[2/2] STEP 5/10: COPY --from=builder /build/auth-service .
--> 2cc9ef3dc179
[2/2] STEP 6/10: RUN chown -R appuser:appuser /app
--> e2651c5b801f
[2/2] STEP 7/10: USER appuser
--> 19e746723785
[2/2] STEP 8/10: EXPOSE 8001
--> 25b2012af88c
[2/2] STEP 9/10: HEALTHCHECK --interval=30s --timeout=5s --start-period=10s --retries=3     CMD wget --no-verbose --tries=1 --spider http://localhost:8001/health || exit 1
time="2026-02-27T19:34:13Z" level=warning msg="HEALTHCHECK is not supported for OCI image format and will be ignored. Must use `docker` format"
--> c8c7685dde10
[2/2] STEP 10/10: CMD ["./auth-service"]
[2/2] COMMIT openprint/auth-service:dev
time="2026-02-27T19:34:14Z" level=warning msg="HEALTHCHECK is not supported for OCI image format and will be ignored. Must use `docker` format"
--> 20d9aadae6da
Successfully tagged localhost/openprint/auth-service:dev
20d9aadae6da97388b6fcbbc3844b030fb16c444c4170049f32a398f38ac5dac
[1/2] STEP 1/6: FROM node:20-alpine AS builder
[1/2] STEP 2/6: WORKDIR /build
--> abee84835820
[1/2] STEP 3/6: COPY web/dashboard/package*.json ./
Error: building at STEP "COPY web/dashboard/package*.json ./": no items matching glob "/home/cmit/openprint/web/dashboard/package*.json" copied (2 filtered out using /home/cmit/openprint/.dockerignore): no such file or directory
[1/2] STEP 1/7: FROM golang:1.24-alpine AS builder
[1/2] STEP 2/7: RUN apk add --no-cache git
--> Using cache 881f13e2389299b6f32363e6b190bf83bd71e9f3d0d465b66328f8c519e85264
--> 881f13e23892
[1/2] STEP 3/7: WORKDIR /build
--> Using cache 60fda999a55763a58a36c3c86859cee46c6c5afeff77924fb9a005aaa522e457
--> 60fda999a557
[1/2] STEP 4/7: COPY go.mod go.sum ./
--> Using cache 4cf9d57669e522e08b47d5bf7604131ac912a2c08d4ff12defbe78faf45c593c
--> 4cf9d57669e5
[1/2] STEP 5/7: RUN go mod download
--> Using cache db5015e85ae816b41dcfc917b897fe05eb25eba3339612ab07a2e2b206b25955
--> db5015e85ae8
[1/2] STEP 6/7: COPY . .
--> 8288e25ddde9
[1/2] STEP 7/7: RUN CGO_ENABLED=0 GOOS=linux go build -a -installsuffix cgo -o job-service ./services/job-service
--> 20dab54924cb
[2/2] STEP 1/10: FROM alpine:3.20
[2/2] STEP 2/10: RUN apk --no-cache add ca-certificates tzdata
--> Using cache 0121fb22d597e3dc77d6f5b498efa2b01c67390004afab61493c90afa1bd5e00
--> 0121fb22d597
[2/2] STEP 3/10: RUN addgroup -g 1000 appuser &&     adduser -D -u 1000 -G appuser appuser
--> Using cache 70676f8533f232b6c2d9b94549919ac1ef45f642465ba3760b0b687085b51a61
--> 70676f8533f2
[2/2] STEP 4/10: WORKDIR /app
--> Using cache 44808aa3488b7acd33b7b7bd17d90d644e28995ed91ddaeb70c1033f5f0515f2
--> 44808aa3488b
[2/2] STEP 5/10: COPY --from=builder /build/job-service .
--> 8c3320298b89
[2/2] STEP 6/10: RUN chown -R appuser:appuser /app
--> a7ff23122e12
[2/2] STEP 7/10: USER appuser
--> 91bc8ed1510e
[2/2] STEP 8/10: EXPOSE 8003
--> e0c3db5d68f5
[2/2] STEP 9/10: HEALTHCHECK --interval=30s --timeout=5s --start-period=10s --retries=3     CMD wget --no-verbose --tries=1 --spider http://localhost:8003/health || exit 1
time="2026-02-27T19:36:43Z" level=warning msg="HEALTHCHECK is not supported for OCI image format and will be ignored. Must use `docker` format"
--> 8ee83f50844d
[2/2] STEP 10/10: CMD ["./job-service"]
[2/2] COMMIT openprint/job-service:dev
time="2026-02-27T19:36:44Z" level=warning msg="HEALTHCHECK is not supported for OCI image format and will be ignored. Must use `docker` format"
--> fae97de0ca53
Successfully tagged localhost/openprint/job-service:dev
fae97de0ca53680db8f65430e3aecf871bfdc9d0b2e8a96fcb812609a9795946
[1/2] STEP 1/7: FROM golang:1.24-alpine AS builder
[1/2] STEP 2/7: RUN apk add --no-cache git
--> Using cache 881f13e2389299b6f32363e6b190bf83bd71e9f3d0d465b66328f8c519e85264
--> 881f13e23892
[1/2] STEP 3/7: WORKDIR /build
--> Using cache 60fda999a55763a58a36c3c86859cee46c6c5afeff77924fb9a005aaa522e457
--> 60fda999a557
[1/2] STEP 4/7: COPY go.mod go.sum ./
--> Using cache 4cf9d57669e522e08b47d5bf7604131ac912a2c08d4ff12defbe78faf45c593c
--> 4cf9d57669e5
[1/2] STEP 5/7: RUN go mod download
--> Using cache db5015e85ae816b41dcfc917b897fe05eb25eba3339612ab07a2e2b206b25955
--> db5015e85ae8
[1/2] STEP 6/7: COPY . .
--> Using cache 8288e25ddde901bde1c2fc5e3189875a27ca763d742779ad6156c4aa73956ead
--> 8288e25ddde9
[1/2] STEP 7/7: RUN CGO_ENABLED=0 GOOS=linux go build -a -installsuffix cgo -o notification-service ./services/notification-service
--> 4070dcd8439f
[2/2] STEP 1/10: FROM alpine:3.20
[2/2] STEP 2/10: RUN apk --no-cache add ca-certificates tzdata
--> Using cache 0121fb22d597e3dc77d6f5b498efa2b01c67390004afab61493c90afa1bd5e00
--> 0121fb22d597
[2/2] STEP 3/10: RUN addgroup -g 1000 appuser &&     adduser -D -u 1000 -G appuser appuser
--> Using cache 70676f8533f232b6c2d9b94549919ac1ef45f642465ba3760b0b687085b51a61
--> 70676f8533f2
[2/2] STEP 4/10: WORKDIR /app
--> Using cache 44808aa3488b7acd33b7b7bd17d90d644e28995ed91ddaeb70c1033f5f0515f2
--> 44808aa3488b
[2/2] STEP 5/10: COPY --from=builder /build/notification-service .
--> 01751a0546b1
[2/2] STEP 6/10: RUN chown -R appuser:appuser /app
--> 26c16bc8017e
[2/2] STEP 7/10: USER appuser
--> 5d51cd91c63c
[2/2] STEP 8/10: EXPOSE 8005
--> 6cda755a1a1b
[2/2] STEP 9/10: HEALTHCHECK --interval=30s --timeout=5s --start-period=10s --retries=3     CMD wget --no-verbose --tries=1 --spider http://localhost:8005/health || exit 1
time="2026-02-27T19:37:10Z" level=warning msg="HEALTHCHECK is not supported for OCI image format and will be ignored. Must use `docker` format"
--> f470f4e41242
[2/2] STEP 10/10: CMD ["./notification-service"]
[2/2] COMMIT openprint/notification-service:dev
time="2026-02-27T19:37:10Z" level=warning msg="HEALTHCHECK is not supported for OCI image format and will be ignored. Must use `docker` format"
--> fa71ae670f31
Successfully tagged localhost/openprint/notification-service:dev
fa71ae670f316617ffe3162e65ff3817183858cd99e5fd3882f1aad8fa05d2fb
[1/2] STEP 1/7: FROM golang:1.24-alpine AS builder
[1/2] STEP 2/7: RUN apk add --no-cache git
--> Using cache 881f13e2389299b6f32363e6b190bf83bd71e9f3d0d465b66328f8c519e85264
--> 881f13e23892
[1/2] STEP 3/7: WORKDIR /build
--> Using cache 60fda999a55763a58a36c3c86859cee46c6c5afeff77924fb9a005aaa522e457
--> 60fda999a557
[1/2] STEP 4/7: COPY go.mod go.sum ./
--> Using cache 4cf9d57669e522e08b47d5bf7604131ac912a2c08d4ff12defbe78faf45c593c
--> 4cf9d57669e5
[1/2] STEP 5/7: RUN go mod download
--> Using cache db5015e85ae816b41dcfc917b897fe05eb25eba3339612ab07a2e2b206b25955
--> db5015e85ae8
[1/2] STEP 6/7: COPY . .
--> Using cache 8288e25ddde901bde1c2fc5e3189875a27ca763d742779ad6156c4aa73956ead
--> 8288e25ddde9
[1/2] STEP 7/7: RUN CGO_ENABLED=0 GOOS=linux go build -a -installsuffix cgo -o registry-service ./services/registry-service
--> 1d025f6b570f
[2/2] STEP 1/10: FROM alpine:3.20
[2/2] STEP 2/10: RUN apk --no-cache add ca-certificates tzdata
--> Using cache 0121fb22d597e3dc77d6f5b498efa2b01c67390004afab61493c90afa1bd5e00
--> 0121fb22d597
[2/2] STEP 3/10: RUN addgroup -g 1000 appuser &&     adduser -D -u 1000 -G appuser appuser
--> Using cache 70676f8533f232b6c2d9b94549919ac1ef45f642465ba3760b0b687085b51a61
--> 70676f8533f2
[2/2] STEP 4/10: WORKDIR /app
--> Using cache 44808aa3488b7acd33b7b7bd17d90d644e28995ed91ddaeb70c1033f5f0515f2
--> 44808aa3488b
[2/2] STEP 5/10: COPY --from=builder /build/registry-service .
--> 9b024f186c73
[2/2] STEP 6/10: RUN chown -R appuser:appuser /app
--> 78d9d1e76717
[2/2] STEP 7/10: USER appuser
--> 91dc5bb40274
[2/2] STEP 8/10: EXPOSE 8002
--> be364a3b00d0
[2/2] STEP 9/10: HEALTHCHECK --interval=30s --timeout=5s --start-period=10s --retries=3     CMD wget --no-verbose --tries=1 --spider http://localhost:8002/health || exit 1
time="2026-02-27T19:37:37Z" level=warning msg="HEALTHCHECK is not supported for OCI image format and will be ignored. Must use `docker` format"
--> ced1f0c6b7d0
[2/2] STEP 10/10: CMD ["./registry-service"]
[2/2] COMMIT openprint/registry-service:dev
time="2026-02-27T19:37:37Z" level=warning msg="HEALTHCHECK is not supported for OCI image format and will be ignored. Must use `docker` format"
--> cb11f3494861
Successfully tagged localhost/openprint/registry-service:dev
cb11f3494861f96894a912f3188a58e0d36f4f76692474f021f9506ea117b4dc
[1/2] STEP 1/7: FROM golang:1.24-alpine AS builder
[1/2] STEP 2/7: RUN apk add --no-cache git
--> Using cache 881f13e2389299b6f32363e6b190bf83bd71e9f3d0d465b66328f8c519e85264
--> 881f13e23892
[1/2] STEP 3/7: WORKDIR /build
--> Using cache 60fda999a55763a58a36c3c86859cee46c6c5afeff77924fb9a005aaa522e457
--> 60fda999a557
[1/2] STEP 4/7: COPY go.mod go.sum ./
--> Using cache 4cf9d57669e522e08b47d5bf7604131ac912a2c08d4ff12defbe78faf45c593c
--> 4cf9d57669e5
[1/2] STEP 5/7: RUN go mod download
--> Using cache db5015e85ae816b41dcfc917b897fe05eb25eba3339612ab07a2e2b206b25955
--> db5015e85ae8
[1/2] STEP 6/7: COPY . .
--> Using cache 8288e25ddde901bde1c2fc5e3189875a27ca763d742779ad6156c4aa73956ead
--> 8288e25ddde9
[1/2] STEP 7/7: RUN CGO_ENABLED=0 GOOS=linux go build -a -installsuffix cgo -o storage-service ./services/storage-service
--> a022a2858629
[2/2] STEP 1/11: FROM alpine:3.20
[2/2] STEP 2/11: RUN apk --no-cache add ca-certificates tzdata curl
fetch https://dl-cdn.alpinelinux.org/alpine/v3.20/main/x86_64/APKINDEX.tar.gz
fetch https://dl-cdn.alpinelinux.org/alpine/v3.20/community/x86_64/APKINDEX.tar.gz
(1/11) Installing ca-certificates (20250911-r0)
(2/11) Installing brotli-libs (1.1.0-r2)
(3/11) Installing c-ares (1.33.1-r0)
(4/11) Installing libunistring (1.2-r0)
(5/11) Installing libidn2 (2.3.7-r0)
(6/11) Installing nghttp2-libs (1.62.1-r0)
(7/11) Installing libpsl (0.21.5-r1)
(8/11) Installing zstd-libs (1.5.6-r0)
(9/11) Installing libcurl (8.14.1-r2)
(10/11) Installing curl (8.14.1-r2)
(11/11) Installing tzdata (2025c-r0)
Executing busybox-1.36.1-r31.trigger
Executing ca-certificates-20250911-r0.trigger
OK: 15 MiB in 25 packages
--> 1b5580412ec9
[2/2] STEP 3/11: RUN addgroup -g 1000 appuser &&     adduser -D -u 1000 -G appuser appuser
--> 187c3caa0402
[2/2] STEP 4/11: RUN mkdir -p /data/storage &&     chown -R appuser:appuser /data
--> 2ff9b5e32ebc
[2/2] STEP 5/11: WORKDIR /app
--> 95b725b7007d
[2/2] STEP 6/11: COPY --from=builder /build/storage-service .
--> bb25ac847c98
[2/2] STEP 7/11: RUN chown -R appuser:appuser /app
--> 0a91c31a4754
[2/2] STEP 8/11: USER appuser
--> e98f47e8a956
[2/2] STEP 9/11: EXPOSE 8004
--> 76e35259ee36
[2/2] STEP 10/11: HEALTHCHECK --interval=30s --timeout=5s --start-period=10s --retries=3     CMD curl -f http://localhost:8004/health || exit 1
time="2026-02-27T19:38:21Z" level=warning msg="HEALTHCHECK is not supported for OCI image format and will be ignored. Must use `docker` format"
--> 02ccdce7cae8
[2/2] STEP 11/11: CMD ["./storage-service"]
[2/2] COMMIT openprint/storage-service:dev
time="2026-02-27T19:38:22Z" level=warning msg="HEALTHCHECK is not supported for OCI image format and will be ignored. Must use `docker` format"
--> 26d8831b89b1
Successfully tagged localhost/openprint/storage-service:dev
26d8831b89b1953fd0a34785b2ebba4670a8ff26cb421692d8822c59bf1d2e14
