podman-compose version: 1.0.6
['podman', '--version', '']
using podman version: 4.9.3
** excluding:  set()
['podman', 'inspect', '-t', 'image', '-f', '{{.Id}}', 'docker_auth-service']
['podman', 'inspect', '-t', 'image', '-f', '{{.Id}}', 'docker_registry-service']
['podman', 'inspect', '-t', 'image', '-f', '{{.Id}}', 'docker_storage-service']
['podman', 'inspect', '-t', 'image', '-f', '{{.Id}}', 'docker_notification-service']
['podman', 'inspect', '-t', 'image', '-f', '{{.Id}}', 'docker_job-service']
['podman', 'inspect', '-t', 'image', '-f', '{{.Id}}', 'docker_dashboard']
['podman', 'ps', '--filter', 'label=io.podman.compose.project=docker', '-a', '--format', '{{ index .Labels "io.podman.compose.config-hash"}}']
podman volume inspect openprint-postgres-data || podman volume create openprint-postgres-data
['podman', 'volume', 'inspect', 'openprint-postgres-data']
['podman', 'network', 'exists', 'openprint-network']
podman run --name=openprint-postgres -d --label io.podman.compose.config-hash=981d63846d276ba2df3aa890032b71caef4727a6e8027d3c60eb48d7c53d5f6a --label io.podman.compose.project=docker --label io.podman.compose.version=1.0.6 --label PODMAN_SYSTEMD_UNIT=podman-compose@docker.service --label com.docker.compose.project=docker --label com.docker.compose.project.working_dir=/home/cmit/openprint/deployments/docker --label com.docker.compose.project.config_files=deployments/docker/docker-compose.yml --label com.docker.compose.container-number=1 --label com.docker.compose.service=postgres -e POSTGRES_DB=openprint -e POSTGRES_USER=openprint -e POSTGRES_PASSWORD=openprint -e PGDATA=/var/lib/postgresql/data/pgdata -v openprint-postgres-data:/var/lib/postgresql/data -v /home/cmit/openprint/deployments/docker/init-db.sql:/docker-entrypoint-initdb.d/init-db.sql:ro --net openprint-network --network-alias postgres --restart unless-stopped --healthcheck-command /bin/sh -c 'pg_isready -U openprint -d openprint' --healthcheck-interval 10s --healthcheck-timeout 5s --healthcheck-start-period 10s --healthcheck-retries 5 postgres:16-alpine
Error: creating container storage: the container name "openprint-postgres" is already in use by 71d88d1b7324773050e57383c952c33a7aa5dcbbbe7f870d71ec941ba9605595. You have to remove that container to be able to reuse that name: that name is already in use, or use --replace to instruct Podman to do so.
exit code: 125
podman start openprint-postgres
exit code: 0
podman volume inspect openprint-redis-data || podman volume create openprint-redis-data
['podman', 'volume', 'inspect', 'openprint-redis-data']
['podman', 'network', 'exists', 'openprint-network']
podman run --name=openprint-redis -d --label io.podman.compose.config-hash=981d63846d276ba2df3aa890032b71caef4727a6e8027d3c60eb48d7c53d5f6a --label io.podman.compose.project=docker --label io.podman.compose.version=1.0.6 --label PODMAN_SYSTEMD_UNIT=podman-compose@docker.service --label com.docker.compose.project=docker --label com.docker.compose.project.working_dir=/home/cmit/openprint/deployments/docker --label com.docker.compose.project.config_files=deployments/docker/docker-compose.yml --label com.docker.compose.container-number=1 --label com.docker.compose.service=redis -v openprint-redis-data:/data --net openprint-network --network-alias redis --restart unless-stopped --healthcheck-command /bin/sh -c redis-cli' '-a' 'openprint' 'ping --healthcheck-interval 10s --healthcheck-timeout 5s --healthcheck-start-period 10s --healthcheck-retries 5 redis:7-alpine redis-server --appendonly yes --requirepass openprint
Error: creating container storage: the container name "openprint-redis" is already in use by 687646fe004b63bbe178b64d1ae5b30927b368f8cd4a0a02e2515801e0ccca56. You have to remove that container to be able to reuse that name: that name is already in use, or use --replace to instruct Podman to do so.
exit code: 125
podman start openprint-redis
exit code: 0
podman volume inspect openprint-prometheus-data || podman volume create openprint-prometheus-data
['podman', 'volume', 'inspect', 'openprint-prometheus-data']
['podman', 'network', 'exists', 'openprint-network']
podman run --name=openprint-prometheus -d --label io.podman.compose.config-hash=981d63846d276ba2df3aa890032b71caef4727a6e8027d3c60eb48d7c53d5f6a --label io.podman.compose.project=docker --label io.podman.compose.version=1.0.6 --label PODMAN_SYSTEMD_UNIT=podman-compose@docker.service --label com.docker.compose.project=docker --label com.docker.compose.project.working_dir=/home/cmit/openprint/deployments/docker --label com.docker.compose.project.config_files=deployments/docker/docker-compose.yml --label com.docker.compose.container-number=1 --label com.docker.compose.service=prometheus -v /home/cmit/openprint/deployments/docker/prometheus/prometheus.yml:/etc/prometheus/prometheus.yml:ro -v /home/cmit/openprint/deployments/docker/prometheus/alerts.yml:/etc/prometheus/alerts.yml:ro -v openprint-prometheus-data:/prometheus --net openprint-network --network-alias prometheus -p 9090:9090 --restart unless-stopped prom/prometheus:v2.53.0 --config.file=/etc/prometheus/prometheus.yml --storage.tsdb.path=/prometheus --web.console.libraries=/usr/share/prometheus/console_libraries --web.console.templates=/usr/share/prometheus/consoles --web.enable-lifecycle --web.external-url=http://localhost:9090
Error: creating container storage: the container name "openprint-prometheus" is already in use by c8e064c7b493c8213740acc29abaacc0eb1a9537aa2a82bd36d6d719be5dbff7. You have to remove that container to be able to reuse that name: that name is already in use, or use --replace to instruct Podman to do so.
exit code: 125
podman start openprint-prometheus
exit code: 0
podman volume inspect openprint-alertmanager-data || podman volume create openprint-alertmanager-data
['podman', 'volume', 'inspect', 'openprint-alertmanager-data']
['podman', 'network', 'exists', 'openprint-network']
podman run --name=openprint-alertmanager -d --label io.podman.compose.config-hash=981d63846d276ba2df3aa890032b71caef4727a6e8027d3c60eb48d7c53d5f6a --label io.podman.compose.project=docker --label io.podman.compose.version=1.0.6 --label PODMAN_SYSTEMD_UNIT=podman-compose@docker.service --label com.docker.compose.project=docker --label com.docker.compose.project.working_dir=/home/cmit/openprint/deployments/docker --label com.docker.compose.project.config_files=deployments/docker/docker-compose.yml --label com.docker.compose.container-number=1 --label com.docker.compose.service=alertmanager -v /home/cmit/openprint/deployments/docker/alertmanager/config.yml:/etc/alertmanager/config.yml:ro -v openprint-alertmanager-data:/alertmanager --net openprint-network --network-alias alertmanager -p 9093:9093 --restart unless-stopped prom/alertmanager:v0.27.0 --config.file=/etc/alertmanager/config.yml --storage.path=/alertmanager --web.external-url=http://localhost:9093
Error: creating container storage: the container name "openprint-alertmanager" is already in use by de7fb85efa9ccc1531f0909c13943a82df5703bedadcc44233f601daaf182267. You have to remove that container to be able to reuse that name: that name is already in use, or use --replace to instruct Podman to do so.
exit code: 125
podman start openprint-alertmanager
exit code: 0
podman volume inspect openprint-grafana-data || podman volume create openprint-grafana-data
['podman', 'volume', 'inspect', 'openprint-grafana-data']
['podman', 'network', 'exists', 'openprint-network']
podman run --name=openprint-grafana -d --label io.podman.compose.config-hash=981d63846d276ba2df3aa890032b71caef4727a6e8027d3c60eb48d7c53d5f6a --label io.podman.compose.project=docker --label io.podman.compose.version=1.0.6 --label PODMAN_SYSTEMD_UNIT=podman-compose@docker.service --label com.docker.compose.project=docker --label com.docker.compose.project.working_dir=/home/cmit/openprint/deployments/docker --label com.docker.compose.project.config_files=deployments/docker/docker-compose.yml --label com.docker.compose.container-number=1 --label com.docker.compose.service=grafana -e GF_SECURITY_ADMIN_USER=admin -e GF_SECURITY_ADMIN_PASSWORD=admin -e GF_INSTALL_PLUGINS= -e GF_SERVER_ROOT_URL=http://localhost:3001 -e GF_USERS_ALLOW_SIGN_UP=false -v openprint-grafana-data:/var/lib/grafana -v /home/cmit/openprint/deployments/docker/grafana/provisioning:/etc/grafana/provisioning:ro --net openprint-network --network-alias grafana -p 3001:3000 --restart unless-stopped grafana/grafana:11.1.0
Error: creating container storage: the container name "openprint-grafana" is already in use by 93c5501fe2228350fd5d9cfc41b921b3fb1007843f292822bc8600e3fba8bd61. You have to remove that container to be able to reuse that name: that name is already in use, or use --replace to instruct Podman to do so.
exit code: 125
podman start openprint-grafana
exit code: 0
['podman', 'network', 'exists', 'openprint-network']
podman run --name=openprint-jaeger -d --label io.podman.compose.config-hash=981d63846d276ba2df3aa890032b71caef4727a6e8027d3c60eb48d7c53d5f6a --label io.podman.compose.project=docker --label io.podman.compose.version=1.0.6 --label PODMAN_SYSTEMD_UNIT=podman-compose@docker.service --label com.docker.compose.project=docker --label com.docker.compose.project.working_dir=/home/cmit/openprint/deployments/docker --label com.docker.compose.project.config_files=deployments/docker/docker-compose.yml --label com.docker.compose.container-number=1 --label com.docker.compose.service=jaeger -e COLLECTOR_OTLP_ENABLED=true --net openprint-network --network-alias jaeger -p 16686:16686 -p 14268:14268 -p 14250:14250 -p 6831:6831/udp -p 6832:6832/udp --restart unless-stopped jaegertracing/all-in-one:1.58
Error: creating container storage: the container name "openprint-jaeger" is already in use by 893113f8f358204d47b4aceacad61fc0248986f165302dbb9252691a7ee6073c. You have to remove that container to be able to reuse that name: that name is already in use, or use --replace to instruct Podman to do so.
exit code: 125
podman start openprint-jaeger
exit code: 0
['podman', 'network', 'exists', 'openprint-network']
podman run --name=openprint-auth-service -d --requires=openprint-postgres,openprint-redis --label io.podman.compose.config-hash=981d63846d276ba2df3aa890032b71caef4727a6e8027d3c60eb48d7c53d5f6a --label io.podman.compose.project=docker --label io.podman.compose.version=1.0.6 --label PODMAN_SYSTEMD_UNIT=podman-compose@docker.service --label com.docker.compose.project=docker --label com.docker.compose.project.working_dir=/home/cmit/openprint/deployments/docker --label com.docker.compose.project.config_files=deployments/docker/docker-compose.yml --label com.docker.compose.container-number=1 --label com.docker.compose.service=auth-service -e SERVER_ADDR=:8001 -e METRICS_PORT=9091 -e DATABASE_URL=postgres://openprint:openprint@postgres:5432/openprint -e REDIS_URL=redis://:openprint@redis:6379 -e JWT_SECRET=change-this-secret-in-production-min-32-chars -e JAEGER_ENDPOINT=jaeger:4317 -e SERVICE_NAME=auth-service -e ENABLE_TRACING=true -e ENABLE_METRICS=true -e ENVIRONMENT=development --net openprint-network --network-alias auth-service -p 18001:8001 -p 9091:9091 --restart unless-stopped --healthcheck-command /bin/sh -c curl' '-f' 'http://localhost:8001/health --healthcheck-interval 30s --healthcheck-timeout 5s --healthcheck-start-period 10s --healthcheck-retries 3 docker_auth-service
Error: creating container storage: the container name "openprint-auth-service" is already in use by ddda8bbc6dde25a1d33cb10735bcb5f36797d980d64cc544c740aa8523450fcd. You have to remove that container to be able to reuse that name: that name is already in use, or use --replace to instruct Podman to do so.
exit code: 125
podman start openprint-auth-service
Error: unable to start container "ddda8bbc6dde25a1d33cb10735bcb5f36797d980d64cc544c740aa8523450fcd": rootlessport listen tcp 0.0.0.0:9091: bind: address already in use
exit code: 125
['podman', 'network', 'exists', 'openprint-network']
podman run --name=openprint-registry-service -d --requires=openprint-postgres,openprint-redis,openprint-auth-service --label io.podman.compose.config-hash=981d63846d276ba2df3aa890032b71caef4727a6e8027d3c60eb48d7c53d5f6a --label io.podman.compose.project=docker --label io.podman.compose.version=1.0.6 --label PODMAN_SYSTEMD_UNIT=podman-compose@docker.service --label com.docker.compose.project=docker --label com.docker.compose.project.working_dir=/home/cmit/openprint/deployments/docker --label com.docker.compose.project.config_files=deployments/docker/docker-compose.yml --label com.docker.compose.container-number=1 --label com.docker.compose.service=registry-service -e SERVER_ADDR=:8002 -e METRICS_PORT=9092 -e DATABASE_URL=postgres://openprint:openprint@postgres:5432/openprint -e JWT_SECRET=change-this-secret-in-production-min-32-chars -e JAEGER_ENDPOINT=jaeger:4317 -e SERVICE_NAME=registry-service -e ENABLE_TRACING=true -e ENABLE_METRICS=true -e ENVIRONMENT=development --net openprint-network --network-alias registry-service -p 8002:8002 -p 9092:9092 --restart unless-stopped --healthcheck-command /bin/sh -c curl' '-f' 'http://localhost:8002/health --healthcheck-interval 30s --healthcheck-timeout 5s --healthcheck-start-period 10s --healthcheck-retries 3 docker_registry-service
Error: creating container storage: the container name "openprint-registry-service" is already in use by 25ad37e930e952c03dc6e24007b947943e8e69fac5346fcb51cb4d3079bfaa84. You have to remove that container to be able to reuse that name: that name is already in use, or use --replace to instruct Podman to do so.
exit code: 125
podman start openprint-registry-service
Error: unable to start container "25ad37e930e952c03dc6e24007b947943e8e69fac5346fcb51cb4d3079bfaa84": generating dependency graph for container 25ad37e930e952c03dc6e24007b947943e8e69fac5346fcb51cb4d3079bfaa84: container ddda8bbc6dde25a1d33cb10735bcb5f36797d980d64cc544c740aa8523450fcd depends on container 71d88d1b7324773050e57383c952c33a7aa5dcbbbe7f870d71ec941ba9605595 not found in input list: no such container
exit code: 125
podman volume inspect openprint-storage-data || podman volume create openprint-storage-data
['podman', 'volume', 'inspect', 'openprint-storage-data']
['podman', 'network', 'exists', 'openprint-network']
podman run --name=openprint-storage-service -d --requires=openprint-postgres,openprint-redis,openprint-auth-service --label io.podman.compose.config-hash=981d63846d276ba2df3aa890032b71caef4727a6e8027d3c60eb48d7c53d5f6a --label io.podman.compose.project=docker --label io.podman.compose.version=1.0.6 --label PODMAN_SYSTEMD_UNIT=podman-compose@docker.service --label com.docker.compose.project=docker --label com.docker.compose.project.working_dir=/home/cmit/openprint/deployments/docker --label com.docker.compose.project.config_files=deployments/docker/docker-compose.yml --label com.docker.compose.container-number=1 --label com.docker.compose.service=storage-service -e SERVER_ADDR=:8004 -e METRICS_PORT=9094 -e DATABASE_URL=postgres://openprint:openprint@postgres:5432/openprint -e S3_ENDPOINT= -e S3_BUCKET=openprint-documents -e S3_ACCESS_KEY= -e S3_SECRET_KEY= -e S3_REGION=us-east-1 -e ENCRYPTION_KEY= -e JWT_SECRET=change-this-secret-in-production-min-32-chars -e JAEGER_ENDPOINT=jaeger:4317 -e SERVICE_NAME=storage-service -e ENABLE_TRACING=true -e ENABLE_METRICS=true -e ENVIRONMENT=development -e MAX_UPLOAD_MB=100 -v openprint-storage-data:/data/storage --net openprint-network --network-alias storage-service -p 8004:8004 -p 9094:9094 --restart unless-stopped --healthcheck-command /bin/sh -c curl' '-f' 'http://localhost:8004/health --healthcheck-interval 30s --healthcheck-timeout 5s --healthcheck-start-period 10s --healthcheck-retries 3 docker_storage-service
Error: creating container storage: the container name "openprint-storage-service" is already in use by b78218a53e7956153eb3a5b83f2025abf743576f456c2e37b1d8b37583e5da68. You have to remove that container to be able to reuse that name: that name is already in use, or use --replace to instruct Podman to do so.
exit code: 125
podman start openprint-storage-service
Error: unable to start container "b78218a53e7956153eb3a5b83f2025abf743576f456c2e37b1d8b37583e5da68": generating dependency graph for container b78218a53e7956153eb3a5b83f2025abf743576f456c2e37b1d8b37583e5da68: container ddda8bbc6dde25a1d33cb10735bcb5f36797d980d64cc544c740aa8523450fcd depends on container 687646fe004b63bbe178b64d1ae5b30927b368f8cd4a0a02e2515801e0ccca56 not found in input list: no such container
exit code: 125
['podman', 'network', 'exists', 'openprint-network']
podman run --name=openprint-notification-service -d --requires=openprint-postgres,openprint-redis,openprint-auth-service --label io.podman.compose.config-hash=981d63846d276ba2df3aa890032b71caef4727a6e8027d3c60eb48d7c53d5f6a --label io.podman.compose.project=docker --label io.podman.compose.version=1.0.6 --label PODMAN_SYSTEMD_UNIT=podman-compose@docker.service --label com.docker.compose.project=docker --label com.docker.compose.project.working_dir=/home/cmit/openprint/deployments/docker --label com.docker.compose.project.config_files=deployments/docker/docker-compose.yml --label com.docker.compose.container-number=1 --label com.docker.compose.service=notification-service -e SERVER_ADDR=:8005 -e METRICS_PORT=9095 -e DATABASE_URL=postgres://openprint:openprint@postgres:5432/openprint -e REDIS_URL=redis://:openprint@redis:6379 -e JAEGER_ENDPOINT=jaeger:4317 -e SERVICE_NAME=notification-service -e ENABLE_TRACING=true -e ENABLE_METRICS=true -e ENVIRONMENT=development --net openprint-network --network-alias notification-service -p 18005:8005 -p 9095:9095 --restart unless-stopped --healthcheck-command /bin/sh -c curl' '-f' 'http://localhost:8005/health --healthcheck-interval 30s --healthcheck-timeout 5s --healthcheck-start-period 10s --healthcheck-retries 3 docker_notification-service
Error: creating container storage: the container name "openprint-notification-service" is already in use by 39d13930d4ae388fd08c685113091bb3b48a88bd6b455b933484b306a4e5e9b7. You have to remove that container to be able to reuse that name: that name is already in use, or use --replace to instruct Podman to do so.
exit code: 125
podman start openprint-notification-service
Error: unable to start container "39d13930d4ae388fd08c685113091bb3b48a88bd6b455b933484b306a4e5e9b7": generating dependency graph for container 39d13930d4ae388fd08c685113091bb3b48a88bd6b455b933484b306a4e5e9b7: container ddda8bbc6dde25a1d33cb10735bcb5f36797d980d64cc544c740aa8523450fcd depends on container 71d88d1b7324773050e57383c952c33a7aa5dcbbbe7f870d71ec941ba9605595 not found in input list: no such container
exit code: 125
['podman', 'network', 'exists', 'openprint-network']
podman run --name=openprint-job-service -d --requires=openprint-postgres,openprint-redis,openprint-registry-service,openprint-auth-service --label io.podman.compose.config-hash=981d63846d276ba2df3aa890032b71caef4727a6e8027d3c60eb48d7c53d5f6a --label io.podman.compose.project=docker --label io.podman.compose.version=1.0.6 --label PODMAN_SYSTEMD_UNIT=podman-compose@docker.service --label com.docker.compose.project=docker --label com.docker.compose.project.working_dir=/home/cmit/openprint/deployments/docker --label com.docker.compose.project.config_files=deployments/docker/docker-compose.yml --label com.docker.compose.container-number=1 --label com.docker.compose.service=job-service -e SERVER_ADDR=:8003 -e METRICS_PORT=9093 -e DATABASE_URL=postgres://openprint:openprint@postgres:5432/openprint -e REDIS_URL=redis://:openprint@redis:6379 -e JWT_SECRET=change-this-secret-in-production-min-32-chars -e JAEGER_ENDPOINT=jaeger:4317 -e SERVICE_NAME=job-service -e ENABLE_TRACING=true -e ENABLE_METRICS=true -e ENVIRONMENT=development -e PROCESSOR_WORKERS=10 --net openprint-network --network-alias job-service -p 8003:8003 -p 9093:9093 --restart unless-stopped --healthcheck-command /bin/sh -c curl' '-f' 'http://localhost:8003/health --healthcheck-interval 30s --healthcheck-timeout 5s --healthcheck-start-period 10s --healthcheck-retries 3 docker_job-service
Error: creating container storage: the container name "openprint-job-service" is already in use by 10d6c409e63809abe25dd6dc8a693b958db364e3a0744050ad58da7624a0e0bd. You have to remove that container to be able to reuse that name: that name is already in use, or use --replace to instruct Podman to do so.
exit code: 125
podman start openprint-job-service
Error: unable to start container "10d6c409e63809abe25dd6dc8a693b958db364e3a0744050ad58da7624a0e0bd": generating dependency graph for container 10d6c409e63809abe25dd6dc8a693b958db364e3a0744050ad58da7624a0e0bd: container ddda8bbc6dde25a1d33cb10735bcb5f36797d980d64cc544c740aa8523450fcd depends on container 71d88d1b7324773050e57383c952c33a7aa5dcbbbe7f870d71ec941ba9605595 not found in input list: no such container
exit code: 125
['podman', 'network', 'exists', 'openprint-network']
podman run --name=openprint-dashboard -d --requires=openprint-job-service,openprint-postgres,openprint-registry-service,openprint-redis,openprint-storage-service,openprint-notification-service,openprint-auth-service --label io.podman.compose.config-hash=981d63846d276ba2df3aa890032b71caef4727a6e8027d3c60eb48d7c53d5f6a --label io.podman.compose.project=docker --label io.podman.compose.version=1.0.6 --label PODMAN_SYSTEMD_UNIT=podman-compose@docker.service --label com.docker.compose.project=docker --label com.docker.compose.project.working_dir=/home/cmit/openprint/deployments/docker --label com.docker.compose.project.config_files=deployments/docker/docker-compose.yml --label com.docker.compose.container-number=1 --label com.docker.compose.service=dashboard -e NODE_ENV=production -e VITE_API_BASE_URL=http://localhost:8001 --net openprint-network --network-alias dashboard -p 3000:3000 --restart unless-stopped --healthcheck-command /bin/sh -c curl' '-f' 'http://localhost:3000/ --healthcheck-interval 30s --healthcheck-timeout 5s --healthcheck-start-period 10s --healthcheck-retries 3 docker_dashboard
Error: creating container storage: the container name "openprint-dashboard" is already in use by e23aa5c4b8551d82bb76cf462c802b18408a288f62eb8efdbe0fca8fec2d526a. You have to remove that container to be able to reuse that name: that name is already in use, or use --replace to instruct Podman to do so.
exit code: 125
podman start openprint-dashboard
Error: unable to start container "e23aa5c4b8551d82bb76cf462c802b18408a288f62eb8efdbe0fca8fec2d526a": generating dependency graph for container e23aa5c4b8551d82bb76cf462c802b18408a288f62eb8efdbe0fca8fec2d526a: container ddda8bbc6dde25a1d33cb10735bcb5f36797d980d64cc544c740aa8523450fcd depends on container 71d88d1b7324773050e57383c952c33a7aa5dcbbbe7f870d71ec941ba9605595 not found in input list: no such container
exit code: 125
podman-compose version: 1.0.6
['podman', '--version', '']
using podman version: 4.9.3
** excluding:  set()
['podman', 'inspect', '-t', 'image', '-f', '{{.Id}}', 'docker_auth-service']
['podman', 'inspect', '-t', 'image', '-f', '{{.Id}}', 'docker_registry-service']
['podman', 'inspect', '-t', 'image', '-f', '{{.Id}}', 'docker_storage-service']
['podman', 'inspect', '-t', 'image', '-f', '{{.Id}}', 'docker_notification-service']
['podman', 'inspect', '-t', 'image', '-f', '{{.Id}}', 'docker_job-service']
['podman', 'inspect', '-t', 'image', '-f', '{{.Id}}', 'docker_dashboard']
['podman', 'ps', '--filter', 'label=io.podman.compose.project=docker', '-a', '--format', '{{ index .Labels "io.podman.compose.config-hash"}}']
recreating: ...
** excluding:  set()
podman stop -t 10 openprint-dashboard
Error: no container with name or ID "openprint-dashboard" found: no such container
exit code: 125
podman stop -t 10 openprint-job-service
Error: no container with name or ID "openprint-job-service" found: no such container
exit code: 125
podman stop -t 10 openprint-notification-service
Error: no container with name or ID "openprint-notification-service" found: no such container
exit code: 125
podman stop -t 10 openprint-storage-service
Error: no container with name or ID "openprint-storage-service" found: no such container
exit code: 125
podman stop -t 10 openprint-registry-service
Error: no container with name or ID "openprint-registry-service" found: no such container
exit code: 125
podman stop -t 10 openprint-auth-service
Error: no container with name or ID "openprint-auth-service" found: no such container
exit code: 125
podman stop -t 10 openprint-jaeger
Error: no container with name or ID "openprint-jaeger" found: no such container
exit code: 125
podman stop -t 10 openprint-grafana
Error: no container with name or ID "openprint-grafana" found: no such container
exit code: 125
podman stop -t 10 openprint-alertmanager
Error: no container with name or ID "openprint-alertmanager" found: no such container
exit code: 125
podman stop -t 10 openprint-prometheus
Error: no container with name or ID "openprint-prometheus" found: no such container
exit code: 125
podman stop -t 10 openprint-redis
Error: no container with name or ID "openprint-redis" found: no such container
exit code: 125
podman stop -t 10 openprint-postgres
Error: no container with name or ID "openprint-postgres" found: no such container
exit code: 125
podman rm openprint-dashboard
Error: no container with ID or name "openprint-dashboard" found: no such container
exit code: 1
podman rm openprint-job-service
Error: no container with ID or name "openprint-job-service" found: no such container
exit code: 1
podman rm openprint-notification-service
Error: no container with ID or name "openprint-notification-service" found: no such container
exit code: 1
podman rm openprint-storage-service
Error: no container with ID or name "openprint-storage-service" found: no such container
exit code: 1
podman rm openprint-registry-service
Error: no container with ID or name "openprint-registry-service" found: no such container
exit code: 1
podman rm openprint-auth-service
Error: no container with ID or name "openprint-auth-service" found: no such container
exit code: 1
podman rm openprint-jaeger
Error: no container with ID or name "openprint-jaeger" found: no such container
exit code: 1
podman rm openprint-grafana
Error: no container with ID or name "openprint-grafana" found: no such container
exit code: 1
podman rm openprint-alertmanager
Error: no container with ID or name "openprint-alertmanager" found: no such container
exit code: 1
podman rm openprint-prometheus
Error: no container with ID or name "openprint-prometheus" found: no such container
exit code: 1
podman rm openprint-redis
Error: no container with ID or name "openprint-redis" found: no such container
exit code: 1
podman rm openprint-postgres
Error: no container with ID or name "openprint-postgres" found: no such container
exit code: 1
recreating: done


podman volume inspect openprint-postgres-data || podman volume create openprint-postgres-data
['podman', 'volume', 'inspect', 'openprint-postgres-data']
['podman', 'network', 'exists', 'openprint-network']
podman run --name=openprint-postgres -d --label io.podman.compose.config-hash=981d63846d276ba2df3aa890032b71caef4727a6e8027d3c60eb48d7c53d5f6a --label io.podman.compose.project=docker --label io.podman.compose.version=1.0.6 --label PODMAN_SYSTEMD_UNIT=podman-compose@docker.service --label com.docker.compose.project=docker --label com.docker.compose.project.working_dir=/home/cmit/openprint/deployments/docker --label com.docker.compose.project.config_files=deployments/docker/docker-compose.yml --label com.docker.compose.container-number=1 --label com.docker.compose.service=postgres -e POSTGRES_DB=openprint -e POSTGRES_USER=openprint -e POSTGRES_PASSWORD=openprint -e PGDATA=/var/lib/postgresql/data/pgdata -v openprint-postgres-data:/var/lib/postgresql/data -v /home/cmit/openprint/deployments/docker/init-db.sql:/docker-entrypoint-initdb.d/init-db.sql:ro --net openprint-network --network-alias postgres --restart unless-stopped --healthcheck-command /bin/sh -c 'pg_isready -U openprint -d openprint' --healthcheck-interval 10s --healthcheck-timeout 5s --healthcheck-start-period 10s --healthcheck-retries 5 postgres:16-alpine
1d32385660ff221b2071cf67ca5bb84049317edf7a615f258d69b034026c3adb
exit code: 0
podman volume inspect openprint-redis-data || podman volume create openprint-redis-data
['podman', 'volume', 'inspect', 'openprint-redis-data']
['podman', 'network', 'exists', 'openprint-network']
podman run --name=openprint-redis -d --label io.podman.compose.config-hash=981d63846d276ba2df3aa890032b71caef4727a6e8027d3c60eb48d7c53d5f6a --label io.podman.compose.project=docker --label io.podman.compose.version=1.0.6 --label PODMAN_SYSTEMD_UNIT=podman-compose@docker.service --label com.docker.compose.project=docker --label com.docker.compose.project.working_dir=/home/cmit/openprint/deployments/docker --label com.docker.compose.project.config_files=deployments/docker/docker-compose.yml --label com.docker.compose.container-number=1 --label com.docker.compose.service=redis -v openprint-redis-data:/data --net openprint-network --network-alias redis --restart unless-stopped --healthcheck-command /bin/sh -c redis-cli' '-a' 'openprint' 'ping --healthcheck-interval 10s --healthcheck-timeout 5s --healthcheck-start-period 10s --healthcheck-retries 5 redis:7-alpine redis-server --appendonly yes --requirepass openprint
6afbcf55a1a551a6deab0bc48f5fb6674b732d3118583b5ee219f34d9109ac20
exit code: 0
podman volume inspect openprint-prometheus-data || podman volume create openprint-prometheus-data
['podman', 'volume', 'inspect', 'openprint-prometheus-data']
['podman', 'network', 'exists', 'openprint-network']
podman run --name=openprint-prometheus -d --label io.podman.compose.config-hash=981d63846d276ba2df3aa890032b71caef4727a6e8027d3c60eb48d7c53d5f6a --label io.podman.compose.project=docker --label io.podman.compose.version=1.0.6 --label PODMAN_SYSTEMD_UNIT=podman-compose@docker.service --label com.docker.compose.project=docker --label com.docker.compose.project.working_dir=/home/cmit/openprint/deployments/docker --label com.docker.compose.project.config_files=deployments/docker/docker-compose.yml --label com.docker.compose.container-number=1 --label com.docker.compose.service=prometheus -v /home/cmit/openprint/deployments/docker/prometheus/prometheus.yml:/etc/prometheus/prometheus.yml:ro -v /home/cmit/openprint/deployments/docker/prometheus/alerts.yml:/etc/prometheus/alerts.yml:ro -v openprint-prometheus-data:/prometheus --net openprint-network --network-alias prometheus -p 9090:9090 --restart unless-stopped prom/prometheus:v2.53.0 --config.file=/etc/prometheus/prometheus.yml --storage.tsdb.path=/prometheus --web.console.libraries=/usr/share/prometheus/console_libraries --web.console.templates=/usr/share/prometheus/consoles --web.enable-lifecycle --web.external-url=http://localhost:9090
15edd68a8b15128b3591531ad7538128429084541179b69f3efc830340701da0
exit code: 0
podman volume inspect openprint-alertmanager-data || podman volume create openprint-alertmanager-data
['podman', 'volume', 'inspect', 'openprint-alertmanager-data']
['podman', 'network', 'exists', 'openprint-network']
podman run --name=openprint-alertmanager -d --label io.podman.compose.config-hash=981d63846d276ba2df3aa890032b71caef4727a6e8027d3c60eb48d7c53d5f6a --label io.podman.compose.project=docker --label io.podman.compose.version=1.0.6 --label PODMAN_SYSTEMD_UNIT=podman-compose@docker.service --label com.docker.compose.project=docker --label com.docker.compose.project.working_dir=/home/cmit/openprint/deployments/docker --label com.docker.compose.project.config_files=deployments/docker/docker-compose.yml --label com.docker.compose.container-number=1 --label com.docker.compose.service=alertmanager -v /home/cmit/openprint/deployments/docker/alertmanager/config.yml:/etc/alertmanager/config.yml:ro -v openprint-alertmanager-data:/alertmanager --net openprint-network --network-alias alertmanager -p 9093:9093 --restart unless-stopped prom/alertmanager:v0.27.0 --config.file=/etc/alertmanager/config.yml --storage.path=/alertmanager --web.external-url=http://localhost:9093
92a4d471465225af2b0c8bea40beb204427cbfb1604da72fcdba36a3fe9ab657
exit code: 0
podman volume inspect openprint-grafana-data || podman volume create openprint-grafana-data
['podman', 'volume', 'inspect', 'openprint-grafana-data']
['podman', 'network', 'exists', 'openprint-network']
podman run --name=openprint-grafana -d --label io.podman.compose.config-hash=981d63846d276ba2df3aa890032b71caef4727a6e8027d3c60eb48d7c53d5f6a --label io.podman.compose.project=docker --label io.podman.compose.version=1.0.6 --label PODMAN_SYSTEMD_UNIT=podman-compose@docker.service --label com.docker.compose.project=docker --label com.docker.compose.project.working_dir=/home/cmit/openprint/deployments/docker --label com.docker.compose.project.config_files=deployments/docker/docker-compose.yml --label com.docker.compose.container-number=1 --label com.docker.compose.service=grafana -e GF_SECURITY_ADMIN_USER=admin -e GF_SECURITY_ADMIN_PASSWORD=admin -e GF_INSTALL_PLUGINS= -e GF_SERVER_ROOT_URL=http://localhost:3001 -e GF_USERS_ALLOW_SIGN_UP=false -v openprint-grafana-data:/var/lib/grafana -v /home/cmit/openprint/deployments/docker/grafana/provisioning:/etc/grafana/provisioning:ro --net openprint-network --network-alias grafana -p 3001:3000 --restart unless-stopped grafana/grafana:11.1.0
00ded43051aff961d1c12fc0cb69e6eef5e76410282238d1900002105816a9a7
exit code: 0
['podman', 'network', 'exists', 'openprint-network']
podman run --name=openprint-jaeger -d --label io.podman.compose.config-hash=981d63846d276ba2df3aa890032b71caef4727a6e8027d3c60eb48d7c53d5f6a --label io.podman.compose.project=docker --label io.podman.compose.version=1.0.6 --label PODMAN_SYSTEMD_UNIT=podman-compose@docker.service --label com.docker.compose.project=docker --label com.docker.compose.project.working_dir=/home/cmit/openprint/deployments/docker --label com.docker.compose.project.config_files=deployments/docker/docker-compose.yml --label com.docker.compose.container-number=1 --label com.docker.compose.service=jaeger -e COLLECTOR_OTLP_ENABLED=true --net openprint-network --network-alias jaeger -p 16686:16686 -p 14268:14268 -p 14250:14250 -p 6831:6831/udp -p 6832:6832/udp --restart unless-stopped jaegertracing/all-in-one:1.58
b93007884765418cc6b2ff677c8f3b992a210e8a24e44936308bb5d40f4ddbc0
exit code: 0
['podman', 'network', 'exists', 'openprint-network']
podman run --name=openprint-auth-service -d --requires=openprint-redis,openprint-postgres --label io.podman.compose.config-hash=981d63846d276ba2df3aa890032b71caef4727a6e8027d3c60eb48d7c53d5f6a --label io.podman.compose.project=docker --label io.podman.compose.version=1.0.6 --label PODMAN_SYSTEMD_UNIT=podman-compose@docker.service --label com.docker.compose.project=docker --label com.docker.compose.project.working_dir=/home/cmit/openprint/deployments/docker --label com.docker.compose.project.config_files=deployments/docker/docker-compose.yml --label com.docker.compose.container-number=1 --label com.docker.compose.service=auth-service -e SERVER_ADDR=:8001 -e METRICS_PORT=9091 -e DATABASE_URL=postgres://openprint:openprint@postgres:5432/openprint -e REDIS_URL=redis://:openprint@redis:6379 -e JWT_SECRET=change-this-secret-in-production-min-32-chars -e JAEGER_ENDPOINT=jaeger:4317 -e SERVICE_NAME=auth-service -e ENABLE_TRACING=true -e ENABLE_METRICS=true -e ENVIRONMENT=development --net openprint-network --network-alias auth-service -p 18001:8001 -p 9091:9091 --restart unless-stopped --healthcheck-command /bin/sh -c curl' '-f' 'http://localhost:8001/health --healthcheck-interval 30s --healthcheck-timeout 5s --healthcheck-start-period 10s --healthcheck-retries 3 docker_auth-service
Error: rootlessport listen tcp 0.0.0.0:9091: bind: address already in use
exit code: 126
podman start openprint-auth-service
Error: unable to start container "3fc6f01b1bf71264e5bd0e2e16d9c2c68b955c24a4c99f1e920f16dcd3efb4e8": rootlessport listen tcp 0.0.0.0:9091: bind: address already in use
exit code: 125
['podman', 'network', 'exists', 'openprint-network']
podman run --name=openprint-registry-service -d --requires=openprint-postgres,openprint-redis,openprint-auth-service --label io.podman.compose.config-hash=981d63846d276ba2df3aa890032b71caef4727a6e8027d3c60eb48d7c53d5f6a --label io.podman.compose.project=docker --label io.podman.compose.version=1.0.6 --label PODMAN_SYSTEMD_UNIT=podman-compose@docker.service --label com.docker.compose.project=docker --label com.docker.compose.project.working_dir=/home/cmit/openprint/deployments/docker --label com.docker.compose.project.config_files=deployments/docker/docker-compose.yml --label com.docker.compose.container-number=1 --label com.docker.compose.service=registry-service -e SERVER_ADDR=:8002 -e METRICS_PORT=9092 -e DATABASE_URL=postgres://openprint:openprint@postgres:5432/openprint -e JWT_SECRET=change-this-secret-in-production-min-32-chars -e JAEGER_ENDPOINT=jaeger:4317 -e SERVICE_NAME=registry-service -e ENABLE_TRACING=true -e ENABLE_METRICS=true -e ENVIRONMENT=development --net openprint-network --network-alias registry-service -p 8002:8002 -p 9092:9092 --restart unless-stopped --healthcheck-command /bin/sh -c curl' '-f' 'http://localhost:8002/health --healthcheck-interval 30s --healthcheck-timeout 5s --healthcheck-start-period 10s --healthcheck-retries 3 docker_registry-service
Error: generating dependency graph for container 3313241d2bc2d4b861389c1bc5ba94d534e2fa5acbfde2e7bb8b9cefe2704aa3: container 3fc6f01b1bf71264e5bd0e2e16d9c2c68b955c24a4c99f1e920f16dcd3efb4e8 depends on container 6afbcf55a1a551a6deab0bc48f5fb6674b732d3118583b5ee219f34d9109ac20 not found in input list: no such container
exit code: 127
podman start openprint-registry-service
Error: unable to start container "3313241d2bc2d4b861389c1bc5ba94d534e2fa5acbfde2e7bb8b9cefe2704aa3": generating dependency graph for container 3313241d2bc2d4b861389c1bc5ba94d534e2fa5acbfde2e7bb8b9cefe2704aa3: container 3fc6f01b1bf71264e5bd0e2e16d9c2c68b955c24a4c99f1e920f16dcd3efb4e8 depends on container 6afbcf55a1a551a6deab0bc48f5fb6674b732d3118583b5ee219f34d9109ac20 not found in input list: no such container
exit code: 125
podman volume inspect openprint-storage-data || podman volume create openprint-storage-data
['podman', 'volume', 'inspect', 'openprint-storage-data']
['podman', 'network', 'exists', 'openprint-network']
podman run --name=openprint-storage-service -d --requires=openprint-postgres,openprint-redis,openprint-auth-service --label io.podman.compose.config-hash=981d63846d276ba2df3aa890032b71caef4727a6e8027d3c60eb48d7c53d5f6a --label io.podman.compose.project=docker --label io.podman.compose.version=1.0.6 --label PODMAN_SYSTEMD_UNIT=podman-compose@docker.service --label com.docker.compose.project=docker --label com.docker.compose.project.working_dir=/home/cmit/openprint/deployments/docker --label com.docker.compose.project.config_files=deployments/docker/docker-compose.yml --label com.docker.compose.container-number=1 --label com.docker.compose.service=storage-service -e SERVER_ADDR=:8004 -e METRICS_PORT=9094 -e DATABASE_URL=postgres://openprint:openprint@postgres:5432/openprint -e S3_ENDPOINT= -e S3_BUCKET=openprint-documents -e S3_ACCESS_KEY= -e S3_SECRET_KEY= -e S3_REGION=us-east-1 -e ENCRYPTION_KEY= -e JWT_SECRET=change-this-secret-in-production-min-32-chars -e JAEGER_ENDPOINT=jaeger:4317 -e SERVICE_NAME=storage-service -e ENABLE_TRACING=true -e ENABLE_METRICS=true -e ENVIRONMENT=development -e MAX_UPLOAD_MB=100 -v openprint-storage-data:/data/storage --net openprint-network --network-alias storage-service -p 8004:8004 -p 9094:9094 --restart unless-stopped --healthcheck-command /bin/sh -c curl' '-f' 'http://localhost:8004/health --healthcheck-interval 30s --healthcheck-timeout 5s --healthcheck-start-period 10s --healthcheck-retries 3 docker_storage-service
Error: generating dependency graph for container bfa53de07efc11beaf9aa20fb3b8d338cb030b8e2f90c25a4a7e407e103c342a: container 3fc6f01b1bf71264e5bd0e2e16d9c2c68b955c24a4c99f1e920f16dcd3efb4e8 depends on container 6afbcf55a1a551a6deab0bc48f5fb6674b732d3118583b5ee219f34d9109ac20 not found in input list: no such container
exit code: 127
podman start openprint-storage-service
Error: unable to start container "bfa53de07efc11beaf9aa20fb3b8d338cb030b8e2f90c25a4a7e407e103c342a": generating dependency graph for container bfa53de07efc11beaf9aa20fb3b8d338cb030b8e2f90c25a4a7e407e103c342a: container 3fc6f01b1bf71264e5bd0e2e16d9c2c68b955c24a4c99f1e920f16dcd3efb4e8 depends on container 6afbcf55a1a551a6deab0bc48f5fb6674b732d3118583b5ee219f34d9109ac20 not found in input list: no such container
exit code: 125
['podman', 'network', 'exists', 'openprint-network']
podman run --name=openprint-notification-service -d --requires=openprint-postgres,openprint-redis,openprint-auth-service --label io.podman.compose.config-hash=981d63846d276ba2df3aa890032b71caef4727a6e8027d3c60eb48d7c53d5f6a --label io.podman.compose.project=docker --label io.podman.compose.version=1.0.6 --label PODMAN_SYSTEMD_UNIT=podman-compose@docker.service --label com.docker.compose.project=docker --label com.docker.compose.project.working_dir=/home/cmit/openprint/deployments/docker --label com.docker.compose.project.config_files=deployments/docker/docker-compose.yml --label com.docker.compose.container-number=1 --label com.docker.compose.service=notification-service -e SERVER_ADDR=:8005 -e METRICS_PORT=9095 -e DATABASE_URL=postgres://openprint:openprint@postgres:5432/openprint -e REDIS_URL=redis://:openprint@redis:6379 -e JAEGER_ENDPOINT=jaeger:4317 -e SERVICE_NAME=notification-service -e ENABLE_TRACING=true -e ENABLE_METRICS=true -e ENVIRONMENT=development --net openprint-network --network-alias notification-service -p 18005:8005 -p 9095:9095 --restart unless-stopped --healthcheck-command /bin/sh -c curl' '-f' 'http://localhost:8005/health --healthcheck-interval 30s --healthcheck-timeout 5s --healthcheck-start-period 10s --healthcheck-retries 3 docker_notification-service
Error: generating dependency graph for container 3fc047c87fd6b1074db264250b3e2e5badfa92184f9cedc8077e14b229504576: container 3fc6f01b1bf71264e5bd0e2e16d9c2c68b955c24a4c99f1e920f16dcd3efb4e8 depends on container 6afbcf55a1a551a6deab0bc48f5fb6674b732d3118583b5ee219f34d9109ac20 not found in input list: no such container
exit code: 127
podman start openprint-notification-service
Error: unable to start container "3fc047c87fd6b1074db264250b3e2e5badfa92184f9cedc8077e14b229504576": generating dependency graph for container 3fc047c87fd6b1074db264250b3e2e5badfa92184f9cedc8077e14b229504576: container 3fc6f01b1bf71264e5bd0e2e16d9c2c68b955c24a4c99f1e920f16dcd3efb4e8 depends on container 6afbcf55a1a551a6deab0bc48f5fb6674b732d3118583b5ee219f34d9109ac20 not found in input list: no such container
exit code: 125
['podman', 'network', 'exists', 'openprint-network']
podman run --name=openprint-job-service -d --requires=openprint-registry-service,openprint-postgres,openprint-redis,openprint-auth-service --label io.podman.compose.config-hash=981d63846d276ba2df3aa890032b71caef4727a6e8027d3c60eb48d7c53d5f6a --label io.podman.compose.project=docker --label io.podman.compose.version=1.0.6 --label PODMAN_SYSTEMD_UNIT=podman-compose@docker.service --label com.docker.compose.project=docker --label com.docker.compose.project.working_dir=/home/cmit/openprint/deployments/docker --label com.docker.compose.project.config_files=deployments/docker/docker-compose.yml --label com.docker.compose.container-number=1 --label com.docker.compose.service=job-service -e SERVER_ADDR=:8003 -e METRICS_PORT=9093 -e DATABASE_URL=postgres://openprint:openprint@postgres:5432/openprint -e REDIS_URL=redis://:openprint@redis:6379 -e JWT_SECRET=change-this-secret-in-production-min-32-chars -e JAEGER_ENDPOINT=jaeger:4317 -e SERVICE_NAME=job-service -e ENABLE_TRACING=true -e ENABLE_METRICS=true -e ENVIRONMENT=development -e PROCESSOR_WORKERS=10 --net openprint-network --network-alias job-service -p 8003:8003 -p 9093:9093 --restart unless-stopped --healthcheck-command /bin/sh -c curl' '-f' 'http://localhost:8003/health --healthcheck-interval 30s --healthcheck-timeout 5s --healthcheck-start-period 10s --healthcheck-retries 3 docker_job-service
Error: generating dependency graph for container 6648ddf47c5462de859ed89d6c1db3e0398dda44ebc7d878faa57bb0f62c9db1: container 3fc6f01b1bf71264e5bd0e2e16d9c2c68b955c24a4c99f1e920f16dcd3efb4e8 depends on container 6afbcf55a1a551a6deab0bc48f5fb6674b732d3118583b5ee219f34d9109ac20 not found in input list: no such container
exit code: 127
podman start openprint-job-service
Error: unable to start container "6648ddf47c5462de859ed89d6c1db3e0398dda44ebc7d878faa57bb0f62c9db1": generating dependency graph for container 6648ddf47c5462de859ed89d6c1db3e0398dda44ebc7d878faa57bb0f62c9db1: container 3fc6f01b1bf71264e5bd0e2e16d9c2c68b955c24a4c99f1e920f16dcd3efb4e8 depends on container 6afbcf55a1a551a6deab0bc48f5fb6674b732d3118583b5ee219f34d9109ac20 not found in input list: no such container
exit code: 125
['podman', 'network', 'exists', 'openprint-network']
podman run --name=openprint-dashboard -d --requires=openprint-storage-service,openprint-registry-service,openprint-auth-service,openprint-notification-service,openprint-job-service,openprint-postgres,openprint-redis --label io.podman.compose.config-hash=981d63846d276ba2df3aa890032b71caef4727a6e8027d3c60eb48d7c53d5f6a --label io.podman.compose.project=docker --label io.podman.compose.version=1.0.6 --label PODMAN_SYSTEMD_UNIT=podman-compose@docker.service --label com.docker.compose.project=docker --label com.docker.compose.project.working_dir=/home/cmit/openprint/deployments/docker --label com.docker.compose.project.config_files=deployments/docker/docker-compose.yml --label com.docker.compose.container-number=1 --label com.docker.compose.service=dashboard -e NODE_ENV=production -e VITE_API_BASE_URL=http://localhost:8001 --net openprint-network --network-alias dashboard -p 3000:3000 --restart unless-stopped --healthcheck-command /bin/sh -c curl' '-f' 'http://localhost:3000/ --healthcheck-interval 30s --healthcheck-timeout 5s --healthcheck-start-period 10s --healthcheck-retries 3 docker_dashboard
Error: generating dependency graph for container 4a6db1cb051e44f0c63008d145d9351c7fa00b809063d0b5749d0d3907a4bfa0: container 3fc047c87fd6b1074db264250b3e2e5badfa92184f9cedc8077e14b229504576 depends on container 1d32385660ff221b2071cf67ca5bb84049317edf7a615f258d69b034026c3adb not found in input list: no such container
exit code: 127
podman start openprint-dashboard
Error: unable to start container "4a6db1cb051e44f0c63008d145d9351c7fa00b809063d0b5749d0d3907a4bfa0": generating dependency graph for container 4a6db1cb051e44f0c63008d145d9351c7fa00b809063d0b5749d0d3907a4bfa0: container 6648ddf47c5462de859ed89d6c1db3e0398dda44ebc7d878faa57bb0f62c9db1 depends on container 1d32385660ff221b2071cf67ca5bb84049317edf7a615f258d69b034026c3adb not found in input list: no such container
exit code: 125
podman-compose version: 1.0.6
['podman', '--version', '']
using podman version: 4.9.3
** excluding:  set()
['podman', 'inspect', '-t', 'image', '-f', '{{.Id}}', 'docker_auth-service']
['podman', 'inspect', '-t', 'image', '-f', '{{.Id}}', 'docker_registry-service']
['podman', 'inspect', '-t', 'image', '-f', '{{.Id}}', 'docker_storage-service']
['podman', 'inspect', '-t', 'image', '-f', '{{.Id}}', 'docker_notification-service']
['podman', 'inspect', '-t', 'image', '-f', '{{.Id}}', 'docker_job-service']
['podman', 'inspect', '-t', 'image', '-f', '{{.Id}}', 'docker_dashboard']
['podman', 'ps', '--filter', 'label=io.podman.compose.project=docker', '-a', '--format', '{{ index .Labels "io.podman.compose.config-hash"}}']
podman volume inspect openprint-postgres-data || podman volume create openprint-postgres-data
['podman', 'volume', 'inspect', 'openprint-postgres-data']
['podman', 'network', 'exists', 'openprint-network']
podman run --name=openprint-postgres -d --label io.podman.compose.config-hash=530a0b98c3e1f64741703251bdc31a1549ef4c4ea6e731fa276dd145c08a9f40 --label io.podman.compose.project=docker --label io.podman.compose.version=1.0.6 --label PODMAN_SYSTEMD_UNIT=podman-compose@docker.service --label com.docker.compose.project=docker --label com.docker.compose.project.working_dir=/home/cmit/openprint/deployments/docker --label com.docker.compose.project.config_files=deployments/docker/docker-compose.yml --label com.docker.compose.container-number=1 --label com.docker.compose.service=postgres -e POSTGRES_DB=openprint -e POSTGRES_USER=openprint -e POSTGRES_PASSWORD=openprint -e PGDATA=/var/lib/postgresql/data/pgdata -v openprint-postgres-data:/var/lib/postgresql/data -v /home/cmit/openprint/deployments/docker/init-db.sql:/docker-entrypoint-initdb.d/init-db.sql:ro --net openprint-network --network-alias postgres --restart unless-stopped --healthcheck-command /bin/sh -c 'pg_isready -U openprint -d openprint' --healthcheck-interval 10s --healthcheck-timeout 5s --healthcheck-start-period 10s --healthcheck-retries 5 postgres:16-alpine
Error: creating container storage: the container name "openprint-postgres" is already in use by ae7cf35c6e5b713432d69b5a6309a6208d6d4f88568b7cc6e41f12d72d351269. You have to remove that container to be able to reuse that name: that name is already in use, or use --replace to instruct Podman to do so.
exit code: 125
podman start openprint-postgres
exit code: 0
podman volume inspect openprint-redis-data || podman volume create openprint-redis-data
['podman', 'volume', 'inspect', 'openprint-redis-data']
['podman', 'network', 'exists', 'openprint-network']
podman run --name=openprint-redis -d --label io.podman.compose.config-hash=530a0b98c3e1f64741703251bdc31a1549ef4c4ea6e731fa276dd145c08a9f40 --label io.podman.compose.project=docker --label io.podman.compose.version=1.0.6 --label PODMAN_SYSTEMD_UNIT=podman-compose@docker.service --label com.docker.compose.project=docker --label com.docker.compose.project.working_dir=/home/cmit/openprint/deployments/docker --label com.docker.compose.project.config_files=deployments/docker/docker-compose.yml --label com.docker.compose.container-number=1 --label com.docker.compose.service=redis -v openprint-redis-data:/data --net openprint-network --network-alias redis --restart unless-stopped --healthcheck-command /bin/sh -c redis-cli' '-a' 'openprint' 'ping --healthcheck-interval 10s --healthcheck-timeout 5s --healthcheck-start-period 10s --healthcheck-retries 5 redis:7-alpine redis-server --appendonly yes --requirepass openprint
Error: creating container storage: the container name "openprint-redis" is already in use by 3de575b62eda60b11d1030a454e98d5727c3278f57a88c1f93be551ef6c2e05f. You have to remove that container to be able to reuse that name: that name is already in use, or use --replace to instruct Podman to do so.
exit code: 125
podman start openprint-redis
exit code: 0
podman volume inspect openprint-prometheus-data || podman volume create openprint-prometheus-data
['podman', 'volume', 'inspect', 'openprint-prometheus-data']
['podman', 'network', 'exists', 'openprint-network']
podman run --name=openprint-prometheus -d --label io.podman.compose.config-hash=530a0b98c3e1f64741703251bdc31a1549ef4c4ea6e731fa276dd145c08a9f40 --label io.podman.compose.project=docker --label io.podman.compose.version=1.0.6 --label PODMAN_SYSTEMD_UNIT=podman-compose@docker.service --label com.docker.compose.project=docker --label com.docker.compose.project.working_dir=/home/cmit/openprint/deployments/docker --label com.docker.compose.project.config_files=deployments/docker/docker-compose.yml --label com.docker.compose.container-number=1 --label com.docker.compose.service=prometheus -v /home/cmit/openprint/deployments/docker/prometheus/prometheus.yml:/etc/prometheus/prometheus.yml:ro -v /home/cmit/openprint/deployments/docker/prometheus/alerts.yml:/etc/prometheus/alerts.yml:ro -v openprint-prometheus-data:/prometheus --net openprint-network --network-alias prometheus -p 9090:9090 --restart unless-stopped prom/prometheus:v2.53.0 --config.file=/etc/prometheus/prometheus.yml --storage.tsdb.path=/prometheus --web.console.libraries=/usr/share/prometheus/console_libraries --web.console.templates=/usr/share/prometheus/consoles --web.enable-lifecycle --web.external-url=http://localhost:9090
77c475f0771b7ab0646c3edff9c1c388223153c5fd261f49392456a7fdd337ea
exit code: 0
podman volume inspect openprint-alertmanager-data || podman volume create openprint-alertmanager-data
['podman', 'volume', 'inspect', 'openprint-alertmanager-data']
['podman', 'network', 'exists', 'openprint-network']
podman run --name=openprint-alertmanager -d --label io.podman.compose.config-hash=530a0b98c3e1f64741703251bdc31a1549ef4c4ea6e731fa276dd145c08a9f40 --label io.podman.compose.project=docker --label io.podman.compose.version=1.0.6 --label PODMAN_SYSTEMD_UNIT=podman-compose@docker.service --label com.docker.compose.project=docker --label com.docker.compose.project.working_dir=/home/cmit/openprint/deployments/docker --label com.docker.compose.project.config_files=deployments/docker/docker-compose.yml --label com.docker.compose.container-number=1 --label com.docker.compose.service=alertmanager -v /home/cmit/openprint/deployments/docker/alertmanager/config.yml:/etc/alertmanager/config.yml:ro -v openprint-alertmanager-data:/alertmanager --net openprint-network --network-alias alertmanager -p 9093:9093 --restart unless-stopped prom/alertmanager:v0.27.0 --config.file=/etc/alertmanager/config.yml --storage.path=/alertmanager --web.external-url=http://localhost:9093
ce23b44b0ca12b0f833228c2aea8b66821b9329e85f60a692164ae8ab118c51b
exit code: 0
podman volume inspect openprint-grafana-data || podman volume create openprint-grafana-data
['podman', 'volume', 'inspect', 'openprint-grafana-data']
['podman', 'network', 'exists', 'openprint-network']
podman run --name=openprint-grafana -d --label io.podman.compose.config-hash=530a0b98c3e1f64741703251bdc31a1549ef4c4ea6e731fa276dd145c08a9f40 --label io.podman.compose.project=docker --label io.podman.compose.version=1.0.6 --label PODMAN_SYSTEMD_UNIT=podman-compose@docker.service --label com.docker.compose.project=docker --label com.docker.compose.project.working_dir=/home/cmit/openprint/deployments/docker --label com.docker.compose.project.config_files=deployments/docker/docker-compose.yml --label com.docker.compose.container-number=1 --label com.docker.compose.service=grafana -e GF_SECURITY_ADMIN_USER=admin -e GF_SECURITY_ADMIN_PASSWORD=admin -e GF_INSTALL_PLUGINS= -e GF_SERVER_ROOT_URL=http://localhost:3001 -e GF_USERS_ALLOW_SIGN_UP=false -v openprint-grafana-data:/var/lib/grafana -v /home/cmit/openprint/deployments/docker/grafana/provisioning:/etc/grafana/provisioning:ro --net openprint-network --network-alias grafana -p 3001:3000 --restart unless-stopped grafana/grafana:11.1.0
97be92d012b792e72db7331083ebbde6579f060c5be63592fd27c02c572c03b1
exit code: 0
['podman', 'network', 'exists', 'openprint-network']
podman run --name=openprint-jaeger -d --label io.podman.compose.config-hash=530a0b98c3e1f64741703251bdc31a1549ef4c4ea6e731fa276dd145c08a9f40 --label io.podman.compose.project=docker --label io.podman.compose.version=1.0.6 --label PODMAN_SYSTEMD_UNIT=podman-compose@docker.service --label com.docker.compose.project=docker --label com.docker.compose.project.working_dir=/home/cmit/openprint/deployments/docker --label com.docker.compose.project.config_files=deployments/docker/docker-compose.yml --label com.docker.compose.container-number=1 --label com.docker.compose.service=jaeger -e COLLECTOR_OTLP_ENABLED=true --net openprint-network --network-alias jaeger -p 16686:16686 -p 14268:14268 -p 14250:14250 -p 6831:6831/udp -p 6832:6832/udp --restart unless-stopped jaegertracing/all-in-one:1.58
45d0b331fbf0bab3235bce0f19437417e508d3c248a826204f841943bcc10d6a
exit code: 0
['podman', 'network', 'exists', 'openprint-network']
podman run --name=openprint-auth-service -d --requires=openprint-postgres,openprint-redis --label io.podman.compose.config-hash=530a0b98c3e1f64741703251bdc31a1549ef4c4ea6e731fa276dd145c08a9f40 --label io.podman.compose.project=docker --label io.podman.compose.version=1.0.6 --label PODMAN_SYSTEMD_UNIT=podman-compose@docker.service --label com.docker.compose.project=docker --label com.docker.compose.project.working_dir=/home/cmit/openprint/deployments/docker --label com.docker.compose.project.config_files=deployments/docker/docker-compose.yml --label com.docker.compose.container-number=1 --label com.docker.compose.service=auth-service -e SERVER_ADDR=:8001 -e METRICS_PORT=9091 -e DATABASE_URL=postgres://openprint:openprint@postgres:5432/openprint -e REDIS_URL=redis://:openprint@redis:6379 -e JWT_SECRET=change-this-secret-in-production-min-32-chars -e JAEGER_ENDPOINT=jaeger:4317 -e SERVICE_NAME=auth-service -e ENABLE_TRACING=true -e ENABLE_METRICS=true -e ENVIRONMENT=development --net openprint-network --network-alias auth-service -p 18001:8001 -p 9091:9091 --restart unless-stopped --healthcheck-command /bin/sh -c curl' '-f' 'http://localhost:8001/health --healthcheck-interval 30s --healthcheck-timeout 5s --healthcheck-start-period 10s --healthcheck-retries 3 docker_auth-service
Error: creating container storage: the container name "openprint-auth-service" is already in use by 31dfdfa3d82caa23032faf66f09d485ad20f2f6faeac722803fc88cc14bb20db. You have to remove that container to be able to reuse that name: that name is already in use, or use --replace to instruct Podman to do so.
exit code: 125
podman start openprint-auth-service
exit code: 0
['podman', 'network', 'exists', 'openprint-network']
podman run --name=openprint-registry-service -d --requires=openprint-postgres,openprint-redis,openprint-auth-service --label io.podman.compose.config-hash=530a0b98c3e1f64741703251bdc31a1549ef4c4ea6e731fa276dd145c08a9f40 --label io.podman.compose.project=docker --label io.podman.compose.version=1.0.6 --label PODMAN_SYSTEMD_UNIT=podman-compose@docker.service --label com.docker.compose.project=docker --label com.docker.compose.project.working_dir=/home/cmit/openprint/deployments/docker --label com.docker.compose.project.config_files=deployments/docker/docker-compose.yml --label com.docker.compose.container-number=1 --label com.docker.compose.service=registry-service -e SERVER_ADDR=:8002 -e METRICS_PORT=9092 -e DATABASE_URL=postgres://openprint:openprint@postgres:5432/openprint -e JWT_SECRET=change-this-secret-in-production-min-32-chars -e JAEGER_ENDPOINT=jaeger:4317 -e SERVICE_NAME=registry-service -e ENABLE_TRACING=true -e ENABLE_METRICS=true -e ENVIRONMENT=development --net openprint-network --network-alias registry-service -p 8002:8002 -p 9092:9092 --restart unless-stopped --healthcheck-command /bin/sh -c curl' '-f' 'http://localhost:8002/health --healthcheck-interval 30s --healthcheck-timeout 5s --healthcheck-start-period 10s --healthcheck-retries 3 docker_registry-service
Error: creating container storage: the container name "openprint-registry-service" is already in use by 0f3a8e0086e69b4c3933714c4c34c0b30d8af61f3f9a72afa58022d3f2dbffcd. You have to remove that container to be able to reuse that name: that name is already in use, or use --replace to instruct Podman to do so.
exit code: 125
podman start openprint-registry-service
exit code: 0
podman volume inspect openprint-storage-data || podman volume create openprint-storage-data
['podman', 'volume', 'inspect', 'openprint-storage-data']
['podman', 'network', 'exists', 'openprint-network']
podman run --name=openprint-storage-service -d --requires=openprint-postgres,openprint-redis,openprint-auth-service --label io.podman.compose.config-hash=530a0b98c3e1f64741703251bdc31a1549ef4c4ea6e731fa276dd145c08a9f40 --label io.podman.compose.project=docker --label io.podman.compose.version=1.0.6 --label PODMAN_SYSTEMD_UNIT=podman-compose@docker.service --label com.docker.compose.project=docker --label com.docker.compose.project.working_dir=/home/cmit/openprint/deployments/docker --label com.docker.compose.project.config_files=deployments/docker/docker-compose.yml --label com.docker.compose.container-number=1 --label com.docker.compose.service=storage-service -e SERVER_ADDR=:8004 -e METRICS_PORT=9094 -e DATABASE_URL=postgres://openprint:openprint@postgres:5432/openprint -e S3_ENDPOINT= -e S3_BUCKET=openprint-documents -e S3_ACCESS_KEY= -e S3_SECRET_KEY= -e S3_REGION=us-east-1 -e ENCRYPTION_KEY= -e JWT_SECRET=change-this-secret-in-production-min-32-chars -e JAEGER_ENDPOINT=jaeger:4317 -e SERVICE_NAME=storage-service -e ENABLE_TRACING=true -e ENABLE_METRICS=true -e ENVIRONMENT=development -e MAX_UPLOAD_MB=100 -v openprint-storage-data:/data/storage --net openprint-network --network-alias storage-service -p 8004:8004 -p 9094:9094 --restart unless-stopped --healthcheck-command /bin/sh -c curl' '-f' 'http://localhost:8004/health --healthcheck-interval 30s --healthcheck-timeout 5s --healthcheck-start-period 10s --healthcheck-retries 3 docker_storage-service
Error: creating container storage: the container name "openprint-storage-service" is already in use by 73c75a70607503166992371ead77ecd42ecb27f6d248ad4be564c493d2551cf4. You have to remove that container to be able to reuse that name: that name is already in use, or use --replace to instruct Podman to do so.
exit code: 125
podman start openprint-storage-service
exit code: 0
['podman', 'network', 'exists', 'openprint-network']
podman run --name=openprint-notification-service -d --requires=openprint-postgres,openprint-redis,openprint-auth-service --label io.podman.compose.config-hash=530a0b98c3e1f64741703251bdc31a1549ef4c4ea6e731fa276dd145c08a9f40 --label io.podman.compose.project=docker --label io.podman.compose.version=1.0.6 --label PODMAN_SYSTEMD_UNIT=podman-compose@docker.service --label com.docker.compose.project=docker --label com.docker.compose.project.working_dir=/home/cmit/openprint/deployments/docker --label com.docker.compose.project.config_files=deployments/docker/docker-compose.yml --label com.docker.compose.container-number=1 --label com.docker.compose.service=notification-service -e SERVER_ADDR=:8005 -e METRICS_PORT=9095 -e DATABASE_URL=postgres://openprint:openprint@postgres:5432/openprint -e REDIS_URL=redis://:openprint@redis:6379 -e JAEGER_ENDPOINT=jaeger:4317 -e SERVICE_NAME=notification-service -e ENABLE_TRACING=true -e ENABLE_METRICS=true -e ENVIRONMENT=development --net openprint-network --network-alias notification-service -p 18005:8005 -p 9095:9095 --restart unless-stopped --healthcheck-command /bin/sh -c curl' '-f' 'http://localhost:8005/health --healthcheck-interval 30s --healthcheck-timeout 5s --healthcheck-start-period 10s --healthcheck-retries 3 docker_notification-service
Error: creating container storage: the container name "openprint-notification-service" is already in use by ab8cda5b771b73e8d4d295e6df029ceebe4574dfa2b224b7c95c11d1371a35ae. You have to remove that container to be able to reuse that name: that name is already in use, or use --replace to instruct Podman to do so.
exit code: 125
podman start openprint-notification-service
exit code: 0
['podman', 'network', 'exists', 'openprint-network']
podman run --name=openprint-job-service -d --requires=openprint-postgres,openprint-redis,openprint-registry-service,openprint-auth-service --label io.podman.compose.config-hash=530a0b98c3e1f64741703251bdc31a1549ef4c4ea6e731fa276dd145c08a9f40 --label io.podman.compose.project=docker --label io.podman.compose.version=1.0.6 --label PODMAN_SYSTEMD_UNIT=podman-compose@docker.service --label com.docker.compose.project=docker --label com.docker.compose.project.working_dir=/home/cmit/openprint/deployments/docker --label com.docker.compose.project.config_files=deployments/docker/docker-compose.yml --label com.docker.compose.container-number=1 --label com.docker.compose.service=job-service -e SERVER_ADDR=:8003 -e METRICS_PORT=9093 -e DATABASE_URL=postgres://openprint:openprint@postgres:5432/openprint -e REDIS_URL=redis://:openprint@redis:6379 -e JWT_SECRET=change-this-secret-in-production-min-32-chars -e JAEGER_ENDPOINT=jaeger:4317 -e SERVICE_NAME=job-service -e ENABLE_TRACING=true -e ENABLE_METRICS=true -e ENVIRONMENT=development -e PROCESSOR_WORKERS=10 --net openprint-network --network-alias job-service -p 8003:8003 -p 9093:9093 --restart unless-stopped --healthcheck-command /bin/sh -c curl' '-f' 'http://localhost:8003/health --healthcheck-interval 30s --healthcheck-timeout 5s --healthcheck-start-period 10s --healthcheck-retries 3 docker_job-service
Error: creating container storage: the container name "openprint-job-service" is already in use by 9c1b529b7fc12773e6a66d51e9def00f7f83bd5337062c49c932272810ca1131. You have to remove that container to be able to reuse that name: that name is already in use, or use --replace to instruct Podman to do so.
exit code: 125
podman start openprint-job-service
exit code: 0
['podman', 'network', 'exists', 'openprint-network']
podman run --name=openprint-dashboard -d --requires=openprint-storage-service,openprint-job-service,openprint-registry-service,openprint-auth-service,openprint-postgres,openprint-redis,openprint-notification-service --label io.podman.compose.config-hash=530a0b98c3e1f64741703251bdc31a1549ef4c4ea6e731fa276dd145c08a9f40 --label io.podman.compose.project=docker --label io.podman.compose.version=1.0.6 --label PODMAN_SYSTEMD_UNIT=podman-compose@docker.service --label com.docker.compose.project=docker --label com.docker.compose.project.working_dir=/home/cmit/openprint/deployments/docker --label com.docker.compose.project.config_files=deployments/docker/docker-compose.yml --label com.docker.compose.container-number=1 --label com.docker.compose.service=dashboard -e NODE_ENV=production -e VITE_API_BASE_URL=http://localhost:8001 --net openprint-network --network-alias dashboard -p 3000:80 --restart unless-stopped --healthcheck-command /bin/sh -c curl' '-f' 'http://localhost:80/ --healthcheck-interval 30s --healthcheck-timeout 5s --healthcheck-start-period 10s --healthcheck-retries 3 docker_dashboard
Error: creating container storage: the container name "openprint-dashboard" is already in use by 52cdd8caec5009585d67229c5fdc731089394b3d1695f76a833e87f34bc3f5ab. You have to remove that container to be able to reuse that name: that name is already in use, or use --replace to instruct Podman to do so.
exit code: 125
podman start openprint-dashboard
exit code: 0
podman-compose version: 1.0.6
['podman', '--version', '']
using podman version: 4.9.3
** excluding:  set()
['podman', 'inspect', '-t', 'image', '-f', '{{.Id}}', 'docker_auth-service']
['podman', 'inspect', '-t', 'image', '-f', '{{.Id}}', 'docker_registry-service']
['podman', 'inspect', '-t', 'image', '-f', '{{.Id}}', 'docker_storage-service']
['podman', 'inspect', '-t', 'image', '-f', '{{.Id}}', 'docker_notification-service']
['podman', 'inspect', '-t', 'image', '-f', '{{.Id}}', 'docker_job-service']
['podman', 'inspect', '-t', 'image', '-f', '{{.Id}}', 'docker_dashboard']
['podman', 'ps', '--filter', 'label=io.podman.compose.project=docker', '-a', '--format', '{{ index .Labels "io.podman.compose.config-hash"}}']
podman volume inspect openprint-postgres-data || podman volume create openprint-postgres-data
['podman', 'volume', 'inspect', 'openprint-postgres-data']
['podman', 'network', 'exists', 'openprint-network']
podman run --name=openprint-postgres -d --label io.podman.compose.config-hash=530a0b98c3e1f64741703251bdc31a1549ef4c4ea6e731fa276dd145c08a9f40 --label io.podman.compose.project=docker --label io.podman.compose.version=1.0.6 --label PODMAN_SYSTEMD_UNIT=podman-compose@docker.service --label com.docker.compose.project=docker --label com.docker.compose.project.working_dir=/home/cmit/openprint/deployments/docker --label com.docker.compose.project.config_files=deployments/docker/docker-compose.yml --label com.docker.compose.container-number=1 --label com.docker.compose.service=postgres -e POSTGRES_DB=openprint -e POSTGRES_USER=openprint -e POSTGRES_PASSWORD=openprint -e PGDATA=/var/lib/postgresql/data/pgdata -v openprint-postgres-data:/var/lib/postgresql/data -v /home/cmit/openprint/deployments/docker/init-db.sql:/docker-entrypoint-initdb.d/init-db.sql:ro --net openprint-network --network-alias postgres --restart unless-stopped --healthcheck-command /bin/sh -c 'pg_isready -U openprint -d openprint' --healthcheck-interval 10s --healthcheck-timeout 5s --healthcheck-start-period 10s --healthcheck-retries 5 postgres:16-alpine
0f434520742144877fa0f2750ec4705ca2183afeb5b6bc5956e7f4a043af9e6f
exit code: 0
podman volume inspect openprint-redis-data || podman volume create openprint-redis-data
['podman', 'volume', 'inspect', 'openprint-redis-data']
['podman', 'network', 'exists', 'openprint-network']
podman run --name=openprint-redis -d --label io.podman.compose.config-hash=530a0b98c3e1f64741703251bdc31a1549ef4c4ea6e731fa276dd145c08a9f40 --label io.podman.compose.project=docker --label io.podman.compose.version=1.0.6 --label PODMAN_SYSTEMD_UNIT=podman-compose@docker.service --label com.docker.compose.project=docker --label com.docker.compose.project.working_dir=/home/cmit/openprint/deployments/docker --label com.docker.compose.project.config_files=deployments/docker/docker-compose.yml --label com.docker.compose.container-number=1 --label com.docker.compose.service=redis -v openprint-redis-data:/data --net openprint-network --network-alias redis --restart unless-stopped --healthcheck-command /bin/sh -c redis-cli' '-a' 'openprint' 'ping --healthcheck-interval 10s --healthcheck-timeout 5s --healthcheck-start-period 10s --healthcheck-retries 5 redis:7-alpine redis-server --appendonly yes --requirepass openprint
6e752d4bc06fb4afbe10a417d43d2afe38a5e8990274f38dc7bd2a9c8677b521
exit code: 0
podman volume inspect openprint-prometheus-data || podman volume create openprint-prometheus-data
['podman', 'volume', 'inspect', 'openprint-prometheus-data']
['podman', 'network', 'exists', 'openprint-network']
podman run --name=openprint-prometheus -d --label io.podman.compose.config-hash=530a0b98c3e1f64741703251bdc31a1549ef4c4ea6e731fa276dd145c08a9f40 --label io.podman.compose.project=docker --label io.podman.compose.version=1.0.6 --label PODMAN_SYSTEMD_UNIT=podman-compose@docker.service --label com.docker.compose.project=docker --label com.docker.compose.project.working_dir=/home/cmit/openprint/deployments/docker --label com.docker.compose.project.config_files=deployments/docker/docker-compose.yml --label com.docker.compose.container-number=1 --label com.docker.compose.service=prometheus -v /home/cmit/openprint/deployments/docker/prometheus/prometheus.yml:/etc/prometheus/prometheus.yml:ro -v /home/cmit/openprint/deployments/docker/prometheus/alerts.yml:/etc/prometheus/alerts.yml:ro -v openprint-prometheus-data:/prometheus --net openprint-network --network-alias prometheus -p 9090:9090 --restart unless-stopped prom/prometheus:v2.53.0 --config.file=/etc/prometheus/prometheus.yml --storage.tsdb.path=/prometheus --web.console.libraries=/usr/share/prometheus/console_libraries --web.console.templates=/usr/share/prometheus/consoles --web.enable-lifecycle --web.external-url=http://localhost:9090
fa08a62deba8d9ed021ab03d37a2351c5561dda2946a2ce4fa9b95e19645d465
exit code: 0
podman volume inspect openprint-alertmanager-data || podman volume create openprint-alertmanager-data
['podman', 'volume', 'inspect', 'openprint-alertmanager-data']
['podman', 'network', 'exists', 'openprint-network']
podman run --name=openprint-alertmanager -d --label io.podman.compose.config-hash=530a0b98c3e1f64741703251bdc31a1549ef4c4ea6e731fa276dd145c08a9f40 --label io.podman.compose.project=docker --label io.podman.compose.version=1.0.6 --label PODMAN_SYSTEMD_UNIT=podman-compose@docker.service --label com.docker.compose.project=docker --label com.docker.compose.project.working_dir=/home/cmit/openprint/deployments/docker --label com.docker.compose.project.config_files=deployments/docker/docker-compose.yml --label com.docker.compose.container-number=1 --label com.docker.compose.service=alertmanager -v /home/cmit/openprint/deployments/docker/alertmanager/config.yml:/etc/alertmanager/config.yml:ro -v openprint-alertmanager-data:/alertmanager --net openprint-network --network-alias alertmanager -p 9093:9093 --restart unless-stopped prom/alertmanager:v0.27.0 --config.file=/etc/alertmanager/config.yml --storage.path=/alertmanager --web.external-url=http://localhost:9093
c42bd59654520b26748f1d0c48ce8b6e81210656c855393c9488e06053e7fd23
exit code: 0
podman volume inspect openprint-grafana-data || podman volume create openprint-grafana-data
['podman', 'volume', 'inspect', 'openprint-grafana-data']
['podman', 'network', 'exists', 'openprint-network']
podman run --name=openprint-grafana -d --label io.podman.compose.config-hash=530a0b98c3e1f64741703251bdc31a1549ef4c4ea6e731fa276dd145c08a9f40 --label io.podman.compose.project=docker --label io.podman.compose.version=1.0.6 --label PODMAN_SYSTEMD_UNIT=podman-compose@docker.service --label com.docker.compose.project=docker --label com.docker.compose.project.working_dir=/home/cmit/openprint/deployments/docker --label com.docker.compose.project.config_files=deployments/docker/docker-compose.yml --label com.docker.compose.container-number=1 --label com.docker.compose.service=grafana -e GF_SECURITY_ADMIN_USER=admin -e GF_SECURITY_ADMIN_PASSWORD=admin -e GF_INSTALL_PLUGINS= -e GF_SERVER_ROOT_URL=http://localhost:3001 -e GF_USERS_ALLOW_SIGN_UP=false -v openprint-grafana-data:/var/lib/grafana -v /home/cmit/openprint/deployments/docker/grafana/provisioning:/etc/grafana/provisioning:ro --net openprint-network --network-alias grafana -p 3001:3000 --restart unless-stopped grafana/grafana:11.1.0
2624adb6c55fbd652e13be951a536b2cdb1f0ef6710d4d88fc59e62b05e0a1f1
exit code: 0
['podman', 'network', 'exists', 'openprint-network']
podman run --name=openprint-jaeger -d --label io.podman.compose.config-hash=530a0b98c3e1f64741703251bdc31a1549ef4c4ea6e731fa276dd145c08a9f40 --label io.podman.compose.project=docker --label io.podman.compose.version=1.0.6 --label PODMAN_SYSTEMD_UNIT=podman-compose@docker.service --label com.docker.compose.project=docker --label com.docker.compose.project.working_dir=/home/cmit/openprint/deployments/docker --label com.docker.compose.project.config_files=deployments/docker/docker-compose.yml --label com.docker.compose.container-number=1 --label com.docker.compose.service=jaeger -e COLLECTOR_OTLP_ENABLED=true --net openprint-network --network-alias jaeger -p 16686:16686 -p 14268:14268 -p 14250:14250 -p 6831:6831/udp -p 6832:6832/udp --restart unless-stopped jaegertracing/all-in-one:1.58
73cbd6109a4e9d5574b7865c5d34982a8b0e3b1341b81ba900dde315f45145c8
exit code: 0
['podman', 'network', 'exists', 'openprint-network']
podman run --name=openprint-auth-service -d --requires=openprint-postgres,openprint-redis --label io.podman.compose.config-hash=530a0b98c3e1f64741703251bdc31a1549ef4c4ea6e731fa276dd145c08a9f40 --label io.podman.compose.project=docker --label io.podman.compose.version=1.0.6 --label PODMAN_SYSTEMD_UNIT=podman-compose@docker.service --label com.docker.compose.project=docker --label com.docker.compose.project.working_dir=/home/cmit/openprint/deployments/docker --label com.docker.compose.project.config_files=deployments/docker/docker-compose.yml --label com.docker.compose.container-number=1 --label com.docker.compose.service=auth-service -e SERVER_ADDR=:8001 -e METRICS_PORT=9091 -e DATABASE_URL=postgres://openprint:openprint@postgres:5432/openprint -e REDIS_URL=redis://:openprint@redis:6379 -e JWT_SECRET=change-this-secret-in-production-min-32-chars -e JAEGER_ENDPOINT=jaeger:4317 -e SERVICE_NAME=auth-service -e ENABLE_TRACING=true -e ENABLE_METRICS=true -e ENVIRONMENT=development --net openprint-network --network-alias auth-service -p 18001:8001 -p 9091:9091 --restart unless-stopped --healthcheck-command /bin/sh -c curl' '-f' 'http://localhost:8001/health --healthcheck-interval 30s --healthcheck-timeout 5s --healthcheck-start-period 10s --healthcheck-retries 3 docker_auth-service
Error: rootlessport listen tcp 0.0.0.0:9091: bind: address already in use
exit code: 126
podman start openprint-auth-service
Error: unable to start container "ae72fe678b9cdd6299b401dbeb30d57b5d4fb937df396416aaf7fda089379581": rootlessport listen tcp 0.0.0.0:9091: bind: address already in use
exit code: 125
['podman', 'network', 'exists', 'openprint-network']
podman run --name=openprint-registry-service -d --requires=openprint-redis,openprint-postgres,openprint-auth-service --label io.podman.compose.config-hash=530a0b98c3e1f64741703251bdc31a1549ef4c4ea6e731fa276dd145c08a9f40 --label io.podman.compose.project=docker --label io.podman.compose.version=1.0.6 --label PODMAN_SYSTEMD_UNIT=podman-compose@docker.service --label com.docker.compose.project=docker --label com.docker.compose.project.working_dir=/home/cmit/openprint/deployments/docker --label com.docker.compose.project.config_files=deployments/docker/docker-compose.yml --label com.docker.compose.container-number=1 --label com.docker.compose.service=registry-service -e SERVER_ADDR=:8002 -e METRICS_PORT=9092 -e DATABASE_URL=postgres://openprint:openprint@postgres:5432/openprint -e JWT_SECRET=change-this-secret-in-production-min-32-chars -e JAEGER_ENDPOINT=jaeger:4317 -e SERVICE_NAME=registry-service -e ENABLE_TRACING=true -e ENABLE_METRICS=true -e ENVIRONMENT=development --net openprint-network --network-alias registry-service -p 8002:8002 -p 9092:9092 --restart unless-stopped --healthcheck-command /bin/sh -c curl' '-f' 'http://localhost:8002/health --healthcheck-interval 30s --healthcheck-timeout 5s --healthcheck-start-period 10s --healthcheck-retries 3 docker_registry-service
Error: generating dependency graph for container 557e0aade4e3bde478c773619f5cb37c7c33e224d657d5dba5885f10edfd693f: container ae72fe678b9cdd6299b401dbeb30d57b5d4fb937df396416aaf7fda089379581 depends on container 0f434520742144877fa0f2750ec4705ca2183afeb5b6bc5956e7f4a043af9e6f not found in input list: no such container
exit code: 127
podman start openprint-registry-service
Error: unable to start container "557e0aade4e3bde478c773619f5cb37c7c33e224d657d5dba5885f10edfd693f": generating dependency graph for container 557e0aade4e3bde478c773619f5cb37c7c33e224d657d5dba5885f10edfd693f: container ae72fe678b9cdd6299b401dbeb30d57b5d4fb937df396416aaf7fda089379581 depends on container 0f434520742144877fa0f2750ec4705ca2183afeb5b6bc5956e7f4a043af9e6f not found in input list: no such container
exit code: 125
podman volume inspect openprint-storage-data || podman volume create openprint-storage-data
['podman', 'volume', 'inspect', 'openprint-storage-data']
['podman', 'network', 'exists', 'openprint-network']
podman run --name=openprint-storage-service -d --requires=openprint-redis,openprint-postgres,openprint-auth-service --label io.podman.compose.config-hash=530a0b98c3e1f64741703251bdc31a1549ef4c4ea6e731fa276dd145c08a9f40 --label io.podman.compose.project=docker --label io.podman.compose.version=1.0.6 --label PODMAN_SYSTEMD_UNIT=podman-compose@docker.service --label com.docker.compose.project=docker --label com.docker.compose.project.working_dir=/home/cmit/openprint/deployments/docker --label com.docker.compose.project.config_files=deployments/docker/docker-compose.yml --label com.docker.compose.container-number=1 --label com.docker.compose.service=storage-service -e SERVER_ADDR=:8004 -e METRICS_PORT=9094 -e DATABASE_URL=postgres://openprint:openprint@postgres:5432/openprint -e S3_ENDPOINT= -e S3_BUCKET=openprint-documents -e S3_ACCESS_KEY= -e S3_SECRET_KEY= -e S3_REGION=us-east-1 -e ENCRYPTION_KEY= -e JWT_SECRET=change-this-secret-in-production-min-32-chars -e JAEGER_ENDPOINT=jaeger:4317 -e SERVICE_NAME=storage-service -e ENABLE_TRACING=true -e ENABLE_METRICS=true -e ENVIRONMENT=development -e MAX_UPLOAD_MB=100 -v openprint-storage-data:/data/storage --net openprint-network --network-alias storage-service -p 8004:8004 -p 9094:9094 --restart unless-stopped --healthcheck-command /bin/sh -c curl' '-f' 'http://localhost:8004/health --healthcheck-interval 30s --healthcheck-timeout 5s --healthcheck-start-period 10s --healthcheck-retries 3 docker_storage-service
Error: generating dependency graph for container 9f66b2b5152758afe753b62073fa72acd908050711b07f1fcd00aba0a4dd67e6: container ae72fe678b9cdd6299b401dbeb30d57b5d4fb937df396416aaf7fda089379581 depends on container 0f434520742144877fa0f2750ec4705ca2183afeb5b6bc5956e7f4a043af9e6f not found in input list: no such container
exit code: 127
podman start openprint-storage-service
Error: unable to start container "9f66b2b5152758afe753b62073fa72acd908050711b07f1fcd00aba0a4dd67e6": generating dependency graph for container 9f66b2b5152758afe753b62073fa72acd908050711b07f1fcd00aba0a4dd67e6: container ae72fe678b9cdd6299b401dbeb30d57b5d4fb937df396416aaf7fda089379581 depends on container 0f434520742144877fa0f2750ec4705ca2183afeb5b6bc5956e7f4a043af9e6f not found in input list: no such container
exit code: 125
['podman', 'network', 'exists', 'openprint-network']
podman run --name=openprint-notification-service -d --requires=openprint-redis,openprint-postgres,openprint-auth-service --label io.podman.compose.config-hash=530a0b98c3e1f64741703251bdc31a1549ef4c4ea6e731fa276dd145c08a9f40 --label io.podman.compose.project=docker --label io.podman.compose.version=1.0.6 --label PODMAN_SYSTEMD_UNIT=podman-compose@docker.service --label com.docker.compose.project=docker --label com.docker.compose.project.working_dir=/home/cmit/openprint/deployments/docker --label com.docker.compose.project.config_files=deployments/docker/docker-compose.yml --label com.docker.compose.container-number=1 --label com.docker.compose.service=notification-service -e SERVER_ADDR=:8005 -e METRICS_PORT=9095 -e DATABASE_URL=postgres://openprint:openprint@postgres:5432/openprint -e REDIS_URL=redis://:openprint@redis:6379 -e JAEGER_ENDPOINT=jaeger:4317 -e SERVICE_NAME=notification-service -e ENABLE_TRACING=true -e ENABLE_METRICS=true -e ENVIRONMENT=development --net openprint-network --network-alias notification-service -p 18005:8005 -p 9095:9095 --restart unless-stopped --healthcheck-command /bin/sh -c curl' '-f' 'http://localhost:8005/health --healthcheck-interval 30s --healthcheck-timeout 5s --healthcheck-start-period 10s --healthcheck-retries 3 docker_notification-service
Error: generating dependency graph for container 17965f516808ab6a1d2b78adb58446a8b24a63beb2452959af747967ceb8db70: container ae72fe678b9cdd6299b401dbeb30d57b5d4fb937df396416aaf7fda089379581 depends on container 0f434520742144877fa0f2750ec4705ca2183afeb5b6bc5956e7f4a043af9e6f not found in input list: no such container
exit code: 127
podman start openprint-notification-service
Error: unable to start container "17965f516808ab6a1d2b78adb58446a8b24a63beb2452959af747967ceb8db70": generating dependency graph for container 17965f516808ab6a1d2b78adb58446a8b24a63beb2452959af747967ceb8db70: container ae72fe678b9cdd6299b401dbeb30d57b5d4fb937df396416aaf7fda089379581 depends on container 6e752d4bc06fb4afbe10a417d43d2afe38a5e8990274f38dc7bd2a9c8677b521 not found in input list: no such container
exit code: 125
['podman', 'network', 'exists', 'openprint-network']
podman run --name=openprint-job-service -d --requires=openprint-registry-service,openprint-redis,openprint-postgres,openprint-auth-service --label io.podman.compose.config-hash=530a0b98c3e1f64741703251bdc31a1549ef4c4ea6e731fa276dd145c08a9f40 --label io.podman.compose.project=docker --label io.podman.compose.version=1.0.6 --label PODMAN_SYSTEMD_UNIT=podman-compose@docker.service --label com.docker.compose.project=docker --label com.docker.compose.project.working_dir=/home/cmit/openprint/deployments/docker --label com.docker.compose.project.config_files=deployments/docker/docker-compose.yml --label com.docker.compose.container-number=1 --label com.docker.compose.service=job-service -e SERVER_ADDR=:8003 -e METRICS_PORT=9093 -e DATABASE_URL=postgres://openprint:openprint@postgres:5432/openprint -e REDIS_URL=redis://:openprint@redis:6379 -e JWT_SECRET=change-this-secret-in-production-min-32-chars -e JAEGER_ENDPOINT=jaeger:4317 -e SERVICE_NAME=job-service -e ENABLE_TRACING=true -e ENABLE_METRICS=true -e ENVIRONMENT=development -e PROCESSOR_WORKERS=10 --net openprint-network --network-alias job-service -p 8003:8003 -p 9093:9093 --restart unless-stopped --healthcheck-command /bin/sh -c curl' '-f' 'http://localhost:8003/health --healthcheck-interval 30s --healthcheck-timeout 5s --healthcheck-start-period 10s --healthcheck-retries 3 docker_job-service
Error: generating dependency graph for container 8be56db634183cadbb03b259df1832437a5ee2fd6d5fed3049f6e8f6072b1c3f: container 557e0aade4e3bde478c773619f5cb37c7c33e224d657d5dba5885f10edfd693f depends on container 6e752d4bc06fb4afbe10a417d43d2afe38a5e8990274f38dc7bd2a9c8677b521 not found in input list: no such container
exit code: 127
podman start openprint-job-service
Error: unable to start container "8be56db634183cadbb03b259df1832437a5ee2fd6d5fed3049f6e8f6072b1c3f": generating dependency graph for container 8be56db634183cadbb03b259df1832437a5ee2fd6d5fed3049f6e8f6072b1c3f: container ae72fe678b9cdd6299b401dbeb30d57b5d4fb937df396416aaf7fda089379581 depends on container 0f434520742144877fa0f2750ec4705ca2183afeb5b6bc5956e7f4a043af9e6f not found in input list: no such container
exit code: 125
['podman', 'network', 'exists', 'openprint-network']
podman run --name=openprint-dashboard -d --requires=openprint-registry-service,openprint-storage-service,openprint-notification-service,openprint-redis,openprint-job-service,openprint-postgres,openprint-auth-service --label io.podman.compose.config-hash=530a0b98c3e1f64741703251bdc31a1549ef4c4ea6e731fa276dd145c08a9f40 --label io.podman.compose.project=docker --label io.podman.compose.version=1.0.6 --label PODMAN_SYSTEMD_UNIT=podman-compose@docker.service --label com.docker.compose.project=docker --label com.docker.compose.project.working_dir=/home/cmit/openprint/deployments/docker --label com.docker.compose.project.config_files=deployments/docker/docker-compose.yml --label com.docker.compose.container-number=1 --label com.docker.compose.service=dashboard -e NODE_ENV=production -e VITE_API_BASE_URL=http://localhost:8001 --net openprint-network --network-alias dashboard -p 3000:80 --restart unless-stopped --healthcheck-command /bin/sh -c curl' '-f' 'http://localhost:80/ --healthcheck-interval 30s --healthcheck-timeout 5s --healthcheck-start-period 10s --healthcheck-retries 3 docker_dashboard
Error: generating dependency graph for container 9a206d596d386b69aeaf8e8d8df0c70ac2192a73f1585bbfe221dfaafd805410: container ae72fe678b9cdd6299b401dbeb30d57b5d4fb937df396416aaf7fda089379581 depends on container 6e752d4bc06fb4afbe10a417d43d2afe38a5e8990274f38dc7bd2a9c8677b521 not found in input list: no such container
exit code: 127
podman start openprint-dashboard
Error: unable to start container "9a206d596d386b69aeaf8e8d8df0c70ac2192a73f1585bbfe221dfaafd805410": generating dependency graph for container 9a206d596d386b69aeaf8e8d8df0c70ac2192a73f1585bbfe221dfaafd805410: container 9f66b2b5152758afe753b62073fa72acd908050711b07f1fcd00aba0a4dd67e6 depends on container 6e752d4bc06fb4afbe10a417d43d2afe38a5e8990274f38dc7bd2a9c8677b521 not found in input list: no such container
exit code: 125
