Done! Fixed all failing `enrollment_token_test.go` tests. Here's what was done:

**Changes made to `services/auth-service/repository/enrollment_token_test.go`:**

1. **Added `testDB` struct** - Wraps the connection pool with a cleanup function

2. **Added `setupEnrollmentTokenTestDBFull()`** - Environment-aware database setup:
   - Checks `DATABASE_URL` env var first
   - Defaults to `localhost:15432` (Docker external port)
   - Verifies connection with `Ping()`
   - Cleans up test data from previous runs to avoid duplicate key errors

3. **Added `teardownEnrollmentTokenTestDB()`** - Properly closes the connection pool

4. **Updated all test functions** - Use the new setup/teardown helpers with `defer`

**Test Results:**
```
ok  github.com/openprint/openprint/services/auth-service/repository 0.119s
```

All 5 test functions pass (with subtests):
- `TestEnrollmentTokenRepository_Create`
- `TestEnrollmentTokenRepository_FindByToken`
- `TestEnrollmentTokenRepository_Validate` (with 6 subtests)
- `TestEnrollmentTokenRepository_IncrementUseCount`
- `TestEnrollmentTokenRepository_Revoke`
- `TestEnrollmentTokenRepository_List`
