Completed all 5 TODOs in the dashboard. Here's a summary:

## Summary of Changes

### 1. `web/dashboard/src/features/devices/Devices.tsx` (lines 149, 249)
- Implemented `openRegisterDeviceModal()` function
- Added modal state management with `RegisterDeviceFormData` interface
- Created registration mutation calling POST `/api/v1/devices/register`
- Added modal UI with form fields: `device_name`, `location`, `printer_type` (dropdown: local, network, shared, USB)

### 2. `web/dashboard/src/pages/Printers.tsx` (line 25)
- Implemented `handleDeletePrinter(id, name)` with confirmation dialog
- Added delete mutation using `printersApi.delete(id)`
- Updated `PrinterCard` component to accept `onDelete` prop and show delete button
- Added `TrashIcon` to `PrinterCard.tsx`

### 3. `web/dashboard/src/pages/Jobs.tsx` & `JobList.tsx` (line 36)
- Implemented `handleSelectJob()` function for individual job selection
- Added `selectedJobs` and `onJobSelect` props to `JobList` component
- Added checkbox to each job row with proper event handling

### 4. `web/dashboard/src/pages/Analytics.tsx` (line 27)
- Replaced static `groupBy` variable with `useState<'day' | 'week' | 'month'>('day')`
- Added dropdown selector next to period buttons
- Dropdown triggers chart re-aggregation via react-query cache key

All changes passed `npm run type-check` with no errors.
