Done! I've created the organization service with the following files:

**Created:**
1. `services/organization-service/main.go` - Service entry point on port 8007
2. `services/organization-service/handler/org.go` - Organization CRUD handlers
3. `services/organization-service/handler/permission.go` - Permission handlers
4. `services/organization-service/repository/org.go` - Data access layer

**API Endpoints:**
- `POST /api/v1/organizations` - Create organization
- `GET /api/v1/organizations` - List organizations
- `GET /api/v1/organizations/:id` - Get organization by ID
- `PUT /api/v1/organizations/:id` - Update organization
- `DELETE /api/v1/organizations/:id` - Delete organization
- `GET /api/v1/organizations/:id/permissions` - List permissions
- `POST /api/v1/organizations/:id/permissions` - Create permission

**Repository Methods:**
- `Create()`, `FindByID()`, `FindBySlug()`, `List()`, `Update()`, `Delete()`
- `AddMember()`, `RemoveMember()`, `ListMembers()`
- `AddPermission()`, `RemovePermission()`, `ListPermissions()`, `GetUserPermission()`

**Database Schema Reference:**
The service uses the existing `organizations` table from migration `000001_create_organizations.up.sql`:
```sql
CREATE TABLE organizations (
    id UUID PRIMARY KEY DEFAULT uuid_generate_v4(),
    name VARCHAR(255) NOT NULL,
    slug VARCHAR(100) UNIQUE NOT NULL,
    plan VARCHAR(50) DEFAULT 'free',
    settings JSONB DEFAULT '{}',
    created_at TIMESTAMPTZ DEFAULT NOW(),
    updated_at TIMESTAMPTZ DEFAULT NOW()
);
```

Build successful, tests passing, committed as `d5ed54f4`.
