Starting E2E test run...

Running 1995 tests using 4 workers

  ✓     4 [chromium] › e2e/fixtures/visual-regression.spec.ts:55:3 › Visual Regression - Authentication › should match login page screenshot (1.8s)
  ✓     2 [chromium] › e2e/fixtures/visual-regression.spec.ts:62:3 › Visual Regression - Authentication › should match registration form screenshot (2.3s)
  ✘     3 [chromium] › e2e/fixtures/visual-regression.spec.ts:92:3 › Visual Regression - Dashboard › should match dashboard layout (2.2s)
  ✓     1 [chromium] › e2e/fixtures/visual-regression.spec.ts:73:3 › Visual Regression - Authentication › should match form validation error states (2.6s)
  ✓     7 [chromium] › e2e/fixtures/visual-regression.spec.ts:118:3 › Visual Regression - Dashboard › should match tablet responsive view (2.7s)
  ✓     8 [chromium] › e2e/fixtures/visual-regression.spec.ts:125:3 › Visual Regression - Dashboard › should match empty state (3.2s)
  ✓     9 [chromium] › e2e/fixtures/visual-regression.spec.ts:111:3 › Visual Regression - Dashboard › should match mobile responsive view (4.3s)
  ✓    10 [chromium] › e2e/fixtures/visual-regression.spec.ts:146:3 › Visual Regression - Jobs Page › should match jobs list layout (3.1s)
  ✘     5 [chromium] › e2e/fixtures/visual-regression.spec.ts:97:3 › Visual Regression - Dashboard › should match stats cards appearance (30.9s)
  ✘     6 [chromium] › e2e/fixtures/visual-regression.spec.ts:104:3 › Visual Regression - Dashboard › should match environmental report section (30.6s)
  ✓    14 [chromium] › e2e/fixtures/visual-regression.spec.ts:179:3 › Visual Regression - Printers Page › should match printers grid view (2.9s)
  ✘    11 [chromium] › e2e/fixtures/visual-regression.spec.ts:151:3 › Visual Regression - Jobs Page › should match job status badges (30.5s)
  ✘    12 [chromium] › e2e/fixtures/visual-regression.spec.ts:158:3 › Visual Regression - Jobs Page › should match job creation modal (30.5s)
  ✓    17 [chromium] › e2e/fixtures/visual-regression.spec.ts:204:3 › Visual Regression - Analytics Page › should match analytics dashboard layout (3.0s)
  ✘    13 [chromium] › e2e/fixtures/visual-regression.spec.ts:165:3 › Visual Regression - Jobs Page › should match job detail view (30.3s)
  ✘    15 [chromium] › e2e/fixtures/visual-regression.spec.ts:184:3 › Visual Regression - Printers Page › should match printer status indicators (33.1s)
  ✘    16 [chromium] › e2e/fixtures/visual-regression.spec.ts:191:3 › Visual Regression - Printers Page › should match printer discovery modal (33.1s)
  ✘    18 [chromium] › e2e/fixtures/visual-regression.spec.ts:209:3 › Visual Regression - Analytics Page › should match metric cards design (32.6s)
  ✘    21 [chromium] › e2e/fixtures/visual-regression.spec.ts:236:3 › Visual Regression - Settings Page › should match settings tabs layout (1.4s)
  ✘    22 [chromium] › e2e/fixtures/visual-regression.spec.ts:241:3 › Visual Regression - Settings Page › should match profile form (1.8s)
  ✘    23 [chromium] › e2e/fixtures/visual-regression.spec.ts:248:3 › Visual Regression - Settings Page › should match security section (1.8s)
  ✘    24 [chromium] › e2e/fixtures/visual-regression.spec.ts:255:3 › Visual Regression - Settings Page › should match preferences form (2.0s)
  ✘    25 [chromium] › e2e/fixtures/visual-regression.spec.ts:264:3 › Visual Regression - Dark Mode › should match dashboard in dark mode (1.3s)
  ✘    26 [chromium] › e2e/fixtures/visual-regression.spec.ts:276:3 › Visual Regression - Dark Mode › should match jobs page in dark mode (1.3s)
  ✘    27 [chromium] › e2e/fixtures/visual-regression.spec.ts:293:3 › Visual Regression - Component States › should match button states (2.1s)
  ✘    28 [chromium] › e2e/fixtures/visual-regression.spec.ts:313:3 › Visual Regression - Component States › should match form input states (2.9s)
  ✘    29 [chromium] › e2e/fixtures/visual-regression.spec.ts:340:3 › Visual Regression - Component States › should match loading states (2.3s)
  ✘    19 [chromium] › e2e/fixtures/visual-regression.spec.ts:216:3 › Visual Regression - Analytics Page › should match charts appearance (32.1s)
  ✘    31 [chromium] › e2e/fixtures/visual-regression.spec.ts:372:3 › Visual Regression - Notifications and Alerts › should match toast notification styles (1.8s)
  ✘    30 [chromium] › e2e/fixtures/visual-regression.spec.ts:352:3 › Visual Regression - Component States › should match empty states across pages (2.8s)
  ✘    34 [chromium] › e2e/fixtures/visual-regression.spec.ts:412:3 › Visual Regression - Accessibility › should maintain focus indicators (2.1s)
  ✘    20 [chromium] › e2e/fixtures/visual-regression.spec.ts:223:3 › Visual Regression - Analytics Page › should match audit logs table (32.4s)
  ✘    35 [chromium] › e2e/fixtures/visual-regression.spec.ts:426:3 › Visual Regression - Accessibility › should have proper color contrast (1.6s)
  ✘    36 [chromium] › e2e/fixtures/visual-regression.spec.ts:438:3 › Visual Regression - Cross-Browser › should have consistent layout across browsers (1.6s)
  ✓    37 [chromium] › e2e/tests/agents.spec.ts:19:3 › Agents › should display agents list page (1.6s)
  ✓    38 [chromium] › e2e/tests/agents.spec.ts:26:3 › Agents › should display all agents (1.5s)
  ✘    39 [chromium] › e2e/tests/agents.spec.ts:33:3 › Agents › should show agent status badges (1.5s)
  ✓    40 [chromium] › e2e/tests/agents.spec.ts:39:3 › Agents › should filter agents by status (1.4s)
  ✓    41 [chromium] › e2e/tests/agents.spec.ts:66:3 › Agents › should display agent actions (1.3s)
  ✘    42 [chromium] › e2e/tests/agents.spec.ts:73:3 › Agents › should show empty state when no agents (6.8s)
  ✘    43 [chromium] › e2e/tests/agents.spec.ts:48:3 › Agents › should navigate to agent detail page (6.9s)
  ✘    32 [chromium] › e2e/fixtures/visual-regression.spec.ts:389:3 › Visual Regression - Notifications and Alerts › should match modal appearance (30.2s)
  ✘    33 [chromium] › e2e/fixtures/visual-regression.spec.ts:399:3 › Visual Regression - Notifications and Alerts › should match dropdown menus (30.2s)
  ✘    44 [chromium] › e2e/tests/agents.spec.ts:128:3 › Agent Detail › should display agent detail page (6.8s)
  ✘    45 [chromium] › e2e/tests/agents.spec.ts:133:3 › Agent Detail › should display agent tabs (6.8s)
  ✘    49 [chromium] › e2e/tests/agents.spec.ts:184:3 › Discovered Printers › should display discovered printers page (1.4s)
  ✘    47 [chromium] › e2e/tests/agents.spec.ts:154:3 › Agent Detail › should show discover printers button (6.7s)
  ✘    50 [chromium] › e2e/tests/agents.spec.ts:190:3 › Discovered Printers › should display printer count summary (1.5s)
  ✘    48 [chromium] › e2e/tests/agents.spec.ts:158:3 › Agent Detail › should display agent information cards (6.6s)
  ✓    51 [chromium] › e2e/tests/agents.spec.ts:196:3 › Discovered Printers › should display printers table (2.5s)
  ✓    52 [chromium] › e2e/tests/agents.spec.ts:201:3 › Discovered Printers › should filter printers by type (2.3s)
  ✓    53 [chromium] › e2e/tests/agents.spec.ts:209:3 › Discovered Printers › should search printers (2.3s)
  ✓    54 [chromium] › e2e/tests/agents.spec.ts:217:3 › Discovered Printers › should show empty state when no printers (1.9s)
  ✘    55 [chromium] › e2e/tests/agents.spec.ts:285:3 › Job Assignments › should display job assignments page (7.0s)
  ✘    56 [chromium] › e2e/tests/agents.spec.ts:294:3 › Job Assignments › should display new assignment button (6.8s)
  ✘    59 [chromium] › e2e/tests/analytics.spec.ts:41:3 › Analytics Page (Admin) › should display analytics page header (3.1s)
  ✘    58 [chromium] › e2e/tests/agents.spec.ts:304:3 › Job Assignments › should display assignments list (7.8s)
  ✘    46 [chromium] › e2e/tests/agents.spec.ts:140:3 › Agent Detail › should switch between tabs (33.8s)
  ✘    60 [chromium] › e2e/tests/analytics.spec.ts:46:3 › Analytics Page (Admin) › should display period selector buttons (7.9s)
  ✘    61 [chromium] › e2e/tests/analytics.spec.ts:53:3 › Analytics Page (Admin) › should change period selector (7.6s)
  ✘    57 [chromium] › e2e/tests/agents.spec.ts:298:3 › Job Assignments › should open assignment modal (30.5s)
  ✘    62 [chromium] › e2e/tests/analytics.spec.ts:66:3 › Analytics Page (Admin) › should display metric cards (7.3s)
  ✘    63 [chromium] › e2e/tests/analytics.spec.ts:73:3 › Analytics Page (Admin) › should show metric values (7.5s)
  ✓    65 [chromium] › e2e/tests/analytics.spec.ts:91:3 › Analytics Page (Admin) › should display environmental impact report (3.4s)
  ✘    64 [chromium] › e2e/tests/analytics.spec.ts:81:3 › Analytics Page (Admin) › should show success rate percentage (8.2s)
  ✘    66 [chromium] › e2e/tests/analytics.spec.ts:98:3 › Analytics Page (Admin) › should show environmental values (7.9s)
  ✘    67 [chromium] › e2e/tests/analytics.spec.ts:109:3 › Analytics Page (Admin) › should display job status distribution chart (7.1s)
  ✘    68 [chromium] › e2e/tests/analytics.spec.ts:104:3 › Analytics Page (Admin) › should display print volume chart (7.2s)
  ✘    69 [chromium] › e2e/tests/analytics.spec.ts:114:3 › Analytics Page (Admin) › should display CO2 trend chart (7.2s)
  ✘    70 [chromium] › e2e/tests/analytics.spec.ts:119:3 › Analytics Page (Admin) › should display audit logs section (7.2s)
  ✘    72 [chromium] › e2e/tests/analytics.spec.ts:133:3 › Analytics Page (Admin) › should navigate to dashboard via sidebar (2.4s)
  ✘    71 [chromium] › e2e/tests/analytics.spec.ts:123:3 › Analytics Page (Admin) › should show audit log entries (7.5s)
  ✘    73 [chromium] › e2e/tests/analytics.spec.ts:140:3 › Analytics Page (Admin) › should highlight Analytics in navigation (7.3s)
  ✘    76 [chromium] › e2e/tests/analytics.spec.ts:163:3 › Analytics Access Control › should redirect non-admin users to dashboard (2.5s)
  ✘    74 [chromium] › e2e/tests/analytics.spec.ts:145:3 › Analytics Page (Admin) › should be responsive on mobile (8.0s)
  ✘    75 [chromium] › e2e/tests/analytics.spec.ts:156:3 › Analytics Page (Admin) › should display cost in dollars (7.0s)
  ✘    77 [chromium] › e2e/tests/analytics.spec.ts:177:3 › Analytics Access Control › should allow admin access (2.5s)
  ✘    78 [chromium] › e2e/tests/audit-logs.spec.ts:8:3 › Advanced Audit Logs › should display audit logs page header (6.1s)
  ✘    79 [chromium] › e2e/tests/audit-logs.spec.ts:12:3 › Advanced Audit Logs › should display search input (5.9s)
  ✘    80 [chromium] › e2e/tests/audit-logs.spec.ts:16:3 › Advanced Audit Logs › should display filter buttons (5.9s)
  ✓    84 [chromium] › e2e/tests/audit-logs.spec.ts:55:3 › Advanced Audit Logs › should display action badges with colors (493ms)
  ✘    83 [chromium] › e2e/tests/audit-logs.spec.ts:45:3 › Advanced Audit Logs › should display audit log table (5.7s)
  ✓    86 [chromium] › e2e/tests/audit-logs.spec.ts:79:3 › Advanced Audit Logs › should paginate logs (480ms)
  ✓    87 [chromium] › e2e/tests/audit-logs.spec.ts:97:3 › Advanced Audit Logs › should display log entries with timestamps (419ms)
  ✘    88 [chromium] › e2e/tests/audit-logs.spec.ts:108:3 › Advanced Audit Logs › should show IP addresses in logs (424ms)
  ✓    89 [chromium] › e2e/tests/audit-logs.spec.ts:117:3 › Advanced Audit Logs › should display resource type and ID (465ms)
  ✘    81 [chromium] › e2e/tests/audit-logs.spec.ts:24:3 › Advanced Audit Logs › should filter logs by type (32.1s)
  ✓    91 [chromium] › e2e/tests/audit-logs.spec.ts:139:3 › Advanced Audit Logs › should display loading state (541ms)
  ✘    82 [chromium] › e2e/tests/audit-logs.spec.ts:35:3 › Advanced Audit Logs › should search audit logs (32.3s)
  ✘    85 [chromium] › e2e/tests/audit-logs.spec.ts:66:3 › Advanced Audit Logs › should export logs to CSV (30.1s)
  ✘    90 [chromium] › e2e/tests/audit-logs.spec.ts:126:3 › Advanced Audit Logs › should handle empty results gracefully (32.0s)
  ✘    92 [chromium] › e2e/tests/audit-logs.spec.ts:164:5 › Audit Log Actions › should display create actions with green color (32.1s)
  ✓    96 [chromium] › e2e/tests/auth.spec.ts:9:3 › Authentication - Login › should display login form (621ms)
  ✓    97 [chromium] › e2e/tests/auth.spec.ts:19:3 › Authentication - Login › should toggle between login and register forms (623ms)
  ✘    93 [chromium] › e2e/tests/audit-logs.spec.ts:164:5 › Audit Log Actions › should display delete actions with red color (32.4s)
  ✓    98 [chromium] › e2e/tests/auth.spec.ts:37:3 › Authentication - Login › should show validation errors for empty fields (540ms)
  ✓    99 [chromium] › e2e/tests/auth.spec.ts:54:3 › Authentication - Login › should enforce minimum password length (608ms)
  ✘    94 [chromium] › e2e/tests/audit-logs.spec.ts:164:5 › Audit Log Actions › should display update actions with amber color (32.6s)
  ✓   100 [chromium] › e2e/tests/auth.spec.ts:63:3 › Authentication - Login › should show error message on failed login (565ms)
  ✓   101 [chromium] › e2e/tests/auth.spec.ts:105:3 › Authentication - Login › should successfully register and redirect to dashboard (613ms)
  ✓   102 [chromium] › e2e/tests/auth.spec.ts:133:3 › Authentication - Login › should store auth tokens after successful login (561ms)
  ✓   103 [chromium] › e2e/tests/auth.spec.ts:45:3 › Authentication - Login › should show error for invalid email format (634ms)
  ✓   104 [chromium] › e2e/tests/auth.spec.ts:165:3 › Authentication - Login › should have accessible form controls (468ms)
  ✘   106 [chromium] › e2e/tests/auth.spec.ts:189:3 › Authentication - Protected Routes › should redirect to login when accessing admin routes without admin role (0ms)
  ✓   105 [chromium] › e2e/tests/auth.spec.ts:180:3 › Authentication - Protected Routes › should redirect to login when accessing protected routes unauthenticated (471ms)
  ✓   107 [chromium] › e2e/tests/code-splitting.spec.ts:5:3 › Code Splitting › should load vendor chunks separately from app code (1.0s)
  ✓   108 [chromium] › e2e/tests/auth.spec.ts:80:3 › Authentication - Login › should successfully login and redirect to dashboard (800ms)
  ✓   109 [chromium] › e2e/tests/code-splitting.spec.ts:23:3 › Code Splitting › should load chunks on demand when navigating to different routes (1.0s)
  ✓   112 [chromium] › e2e/tests/auth.spec.ts:204:3 › Authentication - Protected Routes › should allow access to admin routes with admin role (772ms)
  ✓   111 [chromium] › e2e/tests/code-splitting.spec.ts:82:3 › Code Splitting › should load chart libraries in separate chunk (1.0s)
  ✓   113 [chromium] › e2e/tests/code-splitting.spec.ts:102:3 › Code Splitting › should load state management libraries in separate chunk (976ms)
  ✓   110 [chromium] › e2e/tests/code-splitting.spec.ts:50:3 › Code Splitting › should have separate chunks for different route groups (3.3s)
  ✓   114 [chromium] › e2e/tests/code-splitting.spec.ts:119:3 › Code Splitting › should minimize initial bundle size by lazy loading routes (1.6s)
  ✓   115 [chromium] › e2e/tests/code-splitting.spec.ts:149:3 › Code Splitting › should have CSS code splitting enabled (968ms)
  ✓   116 [chromium] › e2e/tests/code-splitting.spec.ts:162:3 › Code Splitting › should load React and ReactDOM from vendor chunk (966ms)
  ✘   117 [chromium] › e2e/tests/compliance.spec.ts:11:3 › Compliance - Overview › should display compliance dashboard (1.1s)
  ✘    95 [chromium] › e2e/tests/audit-logs.spec.ts:164:5 › Audit Log Actions › should display login actions with blue color (32.7s)
  ✘   119 [chromium] › e2e/tests/compliance.spec.ts:29:3 › Compliance - Overview › should display audit dates (6.0s)
  ✘   121 [chromium] › e2e/tests/compliance.spec.ts:48:3 › Compliance - Reports › should display reports list (1.2s)
  ✘   120 [chromium] › e2e/tests/compliance.spec.ts:38:3 › Compliance - Overview › should show overview cards (6.2s)
  ✘   118 [chromium] › e2e/tests/compliance.spec.ts:20:3 › Compliance - Overview › should show overall compliance status (30.3s)
  ✘   122 [chromium] › e2e/tests/compliance.spec.ts:57:3 › Compliance - Reports › should filter reports by type (30.3s)
  ✘   123 [chromium] › e2e/tests/compliance.spec.ts:69:3 › Compliance - Reports › should search reports (30.2s)
  ✘   124 [chromium] › e2e/tests/compliance.spec.ts:78:3 › Compliance - Reports › should generate new report (30.3s)
  ✘   125 [chromium] › e2e/tests/compliance.spec.ts:87:3 › Compliance - Reports › should view report details (30.3s)
  ✘   129 [chromium] › e2e/tests/compliance.spec.ts:124:3 › Compliance - Checks › should display compliance checks (1.3s)
  ✘   126 [chromium] › e2e/tests/compliance.spec.ts:96:3 › Compliance - Reports › should download report (30.1s)
  ✘   127 [chromium] › e2e/tests/compliance.spec.ts:106:3 › Compliance - Reports › should share report via email (30.2s)
  ✘   128 [chromium] › e2e/tests/compliance.spec.ts:114:3 › Compliance - Reports › should schedule report generation (30.3s)
  ✘   130 [chromium] › e2e/tests/compliance.spec.ts:133:3 › Compliance - Checks › should filter checks by category (30.3s)
  ✘   131 [chromium] › e2e/tests/compliance.spec.ts:142:3 › Compliance - Checks › should run compliance checks (30.2s)
  ✘   132 [chromium] › e2e/tests/compliance.spec.ts:151:3 › Compliance - Checks › should view check details (30.6s)
  ✘   133 [chromium] › e2e/tests/compliance.spec.ts:160:3 › Compliance - Checks › should show check status (30.5s)
  ✘   134 [chromium] › e2e/tests/compliance.spec.ts:169:3 › Compliance - Checks › should mark check as resolved (30.4s)
  ✘   135 [chromium] › e2e/tests/compliance.spec.ts:201:3 › Compliance - Checks › should display check evidence (30.2s)
  ✘   136 [chromium] › e2e/tests/compliance.spec.ts:231:3 › Compliance - Audit Log Export › should open export modal (30.3s)
  ✘   137 [chromium] › e2e/tests/compliance.spec.ts:240:3 › Compliance - Audit Log Export › should export audit logs with date range (30.2s)
  ✘   140 [chromium] › e2e/tests/compliance.spec.ts:293:3 › Compliance - Data Retention › should display retention settings (6.3s)
  ✘   142 [chromium] › e2e/tests/compliance.spec.ts:312:3 › Compliance - Data Retention › should show auto-delete option (6.2s)
  ✘   138 [chromium] › e2e/tests/compliance.spec.ts:255:3 › Compliance - Audit Log Export › should export in different formats (30.1s)
  ✘   139 [chromium] › e2e/tests/compliance.spec.ts:279:3 › Compliance - Audit Log Export › should include PII option (30.2s)
  ✘   141 [chromium] › e2e/tests/compliance.spec.ts:301:3 › Compliance - Data Retention › should update retention settings (30.4s)
  ✘   145 [chromium] › e2e/tests/compliance.spec.ts:338:3 › Compliance - Security Settings › should verify 2FA requirement (1.3s)
  ✘   146 [chromium] › e2e/tests/compliance.spec.ts:346:3 › Compliance - Security Settings › should manage IP whitelist (1.8s)
  ✘   147 [chromium] › e2e/tests/compliance.spec.ts:357:3 › Compliance - Security Settings › should add IP to whitelist (1.7s)
  ✘   149 [chromium] › e2e/tests/compliance.spec.ts:375:3 › Compliance - Access Logs › should show access log entries (1.8s)
  ✘   148 [chromium] › e2e/tests/compliance.spec.ts:367:3 › Compliance - Access Logs › should display access logs (6.5s)
  ✘   143 [chromium] › e2e/tests/compliance.spec.ts:322:3 › Compliance - Security Settings › should display encryption status (30.3s)
  ✘   144 [chromium] › e2e/tests/compliance.spec.ts:330:3 › Compliance - Security Settings › should rotate encryption keys (30.4s)
  ✘   150 [chromium] › e2e/tests/compliance.spec.ts:384:3 › Compliance - Access Logs › should filter access logs (30.8s)
  ✘   151 [chromium] › e2e/tests/compliance.spec.ts:397:3 › Compliance - Access Logs › should filter by date range (30.7s)
  ✘   152 [chromium] › e2e/tests/compliance.spec.ts:412:3 › Compliance - FedRAMP Requirements › should include FedRAMP controls in checks (30.6s)
  ✘   153 [chromium] › e2e/tests/compliance.spec.ts:450:3 › Compliance - FedRAMP Requirements › should generate FedRAMP assessment report (30.9s)
  ✓   157 [chromium] › e2e/tests/compliance.spec.ts:532:3 › Compliance - Admin Access Only › should require admin access (1.5s)
  ✘   158 [chromium] › e2e/tests/compliance.spec.ts:540:3 › Compliance - Admin Access Only › should allow admin access (1.4s)
  ✘   154 [chromium] › e2e/tests/compliance.spec.ts:463:3 › Compliance - HIPAA Requirements › should include HIPAA controls in checks (30.4s)
  ✘   155 [chromium] › e2e/tests/compliance.spec.ts:501:3 › Compliance - HIPAA Requirements › should generate HIPAA assessment report (30.4s)
  ✘   160 [chromium] › e2e/tests/compliance.spec.ts:570:3 › Compliance - Failed Checks Handling › should count failed checks (1.9s)
  ✘   156 [chromium] › e2e/tests/compliance.spec.ts:512:3 › Compliance - HIPAA Requirements › should verify PHI handling in audit logs (30.4s)
  ✓   161 [chromium] › e2e/tests/dashboard.spec.ts:32:3 › Dashboard Page › should display dashboard with user greeting (1.7s)
  ✓   162 [chromium] › e2e/tests/dashboard.spec.ts:66:3 › Dashboard Page › should display recent print jobs (1.3s)
  ✓   163 [chromium] › e2e/tests/dashboard.spec.ts:41:3 › Dashboard Page › should display stats cards (1.7s)
  ✓   164 [chromium] › e2e/tests/dashboard.spec.ts:51:3 › Dashboard Page › should show correct active printer count (1.7s)
  ✓   165 [chromium] › e2e/tests/dashboard.spec.ts:76:3 › Dashboard Page › should have link to view all jobs (1.5s)
  ✓   166 [chromium] › e2e/tests/dashboard.spec.ts:87:3 › Dashboard Page › should display available printers (1.5s)
  ✓   167 [chromium] › e2e/tests/dashboard.spec.ts:99:3 › Dashboard Page › should have link to manage printers (1.6s)
  ✓   169 [chromium] › e2e/tests/dashboard.spec.ts:120:3 › Dashboard Page › should show empty state for no printers (1.1s)
  ✓   168 [chromium] › e2e/tests/dashboard.spec.ts:110:3 › Dashboard Page › should display environmental impact report (1.9s)
  ✓   170 [chromium] › e2e/tests/dashboard.spec.ts:166:3 › Dashboard Page › should show empty state for no jobs (1.1s)
  ✓   171 [chromium] › e2e/tests/dashboard.spec.ts:212:3 › Dashboard Page › should display job status badges (1.4s)
  ✓   172 [chromium] › e2e/tests/dashboard.spec.ts:221:3 › Dashboard Page › should have navigation sidebar (1.5s)
  ✓   173 [chromium] › e2e/tests/dashboard.spec.ts:232:3 › Dashboard Page › should show user info in sidebar (1.5s)
  ✓   174 [chromium] › e2e/tests/dashboard.spec.ts:245:3 › Dashboard Page › should have logout button in sidebar (1.2s)
  ✓   175 [chromium] › e2e/tests/dashboard.spec.ts:253:3 › Dashboard Page › should navigate to different pages via sidebar (1.6s)
  ✓   176 [chromium] › e2e/tests/dashboard.spec.ts:262:3 › Dashboard Page › should highlight active navigation item (1.5s)
  ✓   177 [chromium] › e2e/tests/dashboard.spec.ts:273:3 › Dashboard Page › should handle API errors gracefully (1.4s)
  ✓   178 [chromium] › e2e/tests/dashboard.spec.ts:286:3 › Dashboard Page › should be responsive on mobile (1.2s)
  ✘   159 [chromium] › e2e/tests/compliance.spec.ts:552:3 › Compliance - Report Sections › should include required sections in reports (30.3s)
  ✘   179 [chromium] › e2e/tests/email-to-print.spec.ts:8:3 › Email-to-Print Configuration › should display email-to-print page header (5.9s)
  ✘   180 [chromium] › e2e/tests/email-to-print.spec.ts:12:3 › Email-to-Print Configuration › should display configuration status card (5.9s)
  ✘   181 [chromium] › e2e/tests/email-to-print.spec.ts:16:3 › Email-to-Print Configuration › should display email address (5.9s)
  ✘   182 [chromium] › e2e/tests/email-to-print.spec.ts:20:3 › Email-to-Print Configuration › should display configure button (5.8s)
  ✘   183 [chromium] › e2e/tests/email-to-print.spec.ts:24:3 › Email-to-Print Configuration › should open configuration modal (32.9s)
  ✘   184 [chromium] › e2e/tests/email-to-print.spec.ts:29:3 › Email-to-Print Configuration › should display configuration fields in modal (32.9s)
  ✘   185 [chromium] › e2e/tests/email-to-print.spec.ts:39:3 › Email-to-Print Configuration › should update configuration (33.0s)
  ✓   187 [chromium] › e2e/tests/email-to-print.spec.ts:62:3 › Email-to-Print Configuration › should display recent email print jobs table (794ms)
  ✘   186 [chromium] › e2e/tests/email-to-print.spec.ts:55:3 › Email-to-Print Configuration › should send test email (33.1s)
  ✓   188 [chromium] › e2e/tests/email-to-print.spec.ts:77:3 › Email-to-Print Configuration › should display job status badges (737ms)
  ✘   189 [chromium] › e2e/tests/email-to-print.spec.ts:96:3 › Email-to-Print Configuration › should handle allowed senders input (32.5s)
  ✘   190 [chromium] › e2e/tests/email-to-print.spec.ts:86:3 › Email-to-Print Configuration › should display printer dropdown in modal (32.8s)
  ✘   191 [chromium] › e2e/tests/email-to-print.spec.ts:121:3 › Email-to-Print Configuration › should close modal on cancel (32.8s)
  ✘   192 [chromium] › e2e/tests/email-to-print.spec.ts:109:3 › Email-to-Print Configuration › should handle auto-release and require approval checkboxes (32.9s)
  ✓   194 [chromium] › e2e/tests/email-to-print.spec.ts:135:3 › Email-to-Print Configuration › should display auto release status (711ms)
  ✓   195 [chromium] › e2e/tests/email-to-print.spec.ts:146:3 › Email Print Jobs Table › should display job details (665ms)
  ✘   196 [chromium] › e2e/tests/jobs.spec.ts:30:3 › Print Jobs Page › should display jobs page header (1.6s)
  ✓   198 [chromium] › e2e/tests/email-to-print.spec.ts:157:3 › Email Print Jobs Table › should handle different job statuses (817ms)
  ✘   193 [chromium] › e2e/tests/email-to-print.spec.ts:128:3 › Email-to-Print Configuration › should display enabled/disabled status (6.4s)
  ✘   197 [chromium] › e2e/tests/jobs.spec.ts:34:3 › Print Jobs Page › should display job status filters (6.7s)
  ✘   199 [chromium] › e2e/tests/jobs.spec.ts:51:3 › Print Jobs Page › should display jobs table (6.5s)
  ✓   201 [chromium] › e2e/tests/jobs.spec.ts:59:3 › Print Jobs Page › should display job entries (1.7s)
  ✘   200 [chromium] › e2e/tests/jobs.spec.ts:42:3 › Print Jobs Page › should filter jobs by status (7.0s)
  ✘   203 [chromium] › e2e/tests/jobs.spec.ts:65:3 › Print Jobs Page › should display job status badges (1.8s)
  ✓   204 [chromium] › e2e/tests/jobs.spec.ts:72:3 › Print Jobs Page › should show job details (1.7s)
  ✘   202 [chromium] › e2e/tests/jobs.spec.ts:80:3 › Print Jobs Page › should display create job button (6.4s)
  ✓   205 [chromium] › e2e/tests/jobs.spec.ts:107:3 › Print Jobs Page › should search jobs (2.0s)
  ✓   208 [chromium] › e2e/tests/jobs.spec.ts:129:3 › Print Jobs Page › should retry failed job (1.3s)
  ✓   210 [chromium] › e2e/tests/jobs.spec.ts:115:3 › Print Jobs Page › should cancel job (1.4s)
  ✓   211 [chromium] › e2e/tests/jobs.spec.ts:161:3 › Print Jobs Page › should show file size (1.5s)
  ✘   207 [chromium] › e2e/tests/jobs.spec.ts:90:3 › Print Jobs Page › should show empty state when no jobs (7.6s)
  ✓   212 [chromium] › e2e/tests/jobs.spec.ts:168:3 › Print Jobs Page › should display timestamp (1.6s)
  ✘   209 [chromium] › e2e/tests/jobs.spec.ts:148:3 › Print Jobs Page › should display job metadata (6.5s)
  ✓   213 [chromium] › e2e/tests/jobs.spec.ts:186:3 › Print Jobs Page › should navigate to job details (1.6s)
  ✓   215 [chromium] › e2e/tests/jobs.spec.ts:176:3 › Print Jobs Page › should paginate jobs (2.7s)
  ✘   206 [chromium] › e2e/tests/jobs.spec.ts:84:3 › Print Jobs Page › should open create job modal (30.7s)
  ✘   214 [chromium] › e2e/tests/jobs.spec.ts:241:3 › Job Creation › should validate printer selection (30.3s)
  ✘   216 [chromium] › e2e/tests/jobs.spec.ts:211:3 › Job Creation › should upload document for printing (30.3s)
  ✘   217 [chromium] › e2e/tests/jobs.spec.ts:252:3 › Job Creation › should configure print settings (30.3s)
  ✓   219 [chromium] › e2e/tests/lazy-loading.spec.ts:5:3 › Lazy Loading › should show loading fallback while navigating to lazy-loaded route (1.4s)
  ✓   222 [chromium] › e2e/tests/lazy-loading.spec.ts:62:3 › Lazy Loading › should display page-specific loading fallback during navigation (1.4s)
  ✓   221 [chromium] › e2e/tests/lazy-loading.spec.ts:34:3 › Lazy Loading › should lazy load each route independently (2.8s)
  ✓   220 [chromium] › e2e/tests/lazy-loading.spec.ts:89:3 › Lazy Loading › should not reload already loaded lazy chunks on subsequent visits (4.1s)
  ✓   223 [chromium] › e2e/tests/lazy-loading.spec.ts:125:3 › Lazy Loading › should handle lazy loading errors gracefully (2.4s)
  ✓   225 [chromium] › e2e/tests/lazy-loading.spec.ts:184:3 › Lazy Loading › should lazy load admin-only routes (3.3s)
  ✓   226 [chromium] › e2e/tests/lazy-loading.spec.ts:203:3 › Lazy Loading › should show inline loading fallback for content sections (1.3s)
  ✓   224 [chromium] › e2e/tests/lazy-loading.spec.ts:152:3 › Lazy Loading › should lazy load all protected routes (5.1s)
  ✓   227 [chromium] › e2e/tests/lazy-loading.spec.ts:211:3 › Lazy Loading › should prefetch lazy chunks for links on hover (if prefetch is enabled) (2.0s)
  ✓   228 [chromium] › e2e/tests/lazy-loading.spec.ts:241:3 › Lazy Loading › should handle rapid navigation between lazy-loaded routes (2.7s)
  ✘   229 [chromium] › e2e/tests/microsoft-365.spec.ts:10:3 › Microsoft 365 - Connection › should display connection status (1.5s)
  ✘   218 [chromium] › e2e/tests/jobs.spec.ts:271:3 › Job Creation › should cancel job creation (30.4s)
  ✘   230 [chromium] › e2e/tests/microsoft-365.spec.ts:19:3 › Microsoft 365 - Connection › should show connected status when configured (30.7s)
  ✘   231 [chromium] › e2e/tests/microsoft-365.spec.ts:29:3 › Microsoft 365 - Connection › should show disconnected status when not configured (30.5s)
  ✘   232 [chromium] › e2e/tests/microsoft-365.spec.ts:49:3 › Microsoft 365 - Connection › should open configuration form (30.7s)
  ✘   233 [chromium] › e2e/tests/microsoft-365.spec.ts:58:3 › Microsoft 365 - Connection › should save configuration (30.8s)
  ✘   237 [chromium] › e2e/tests/microsoft-365.spec.ts:118:3 › Microsoft 365 - OneDrive Integration › should display OneDrive section (6.7s)
  ✘   234 [chromium] › e2e/tests/microsoft-365.spec.ts:75:3 › Microsoft 365 - Connection › should test connection successfully (30.3s)
  ✘   235 [chromium] › e2e/tests/microsoft-365.spec.ts:84:3 › Microsoft 365 - Connection › should show connection error on failed test (30.3s)
  ✘   236 [chromium] › e2e/tests/microsoft-365.spec.ts:105:3 › Microsoft 365 - Connection › should disconnect integration (30.4s)
  ✘   238 [chromium] › e2e/tests/microsoft-365.spec.ts:126:3 › Microsoft 365 - OneDrive Integration › should browse OneDrive documents (30.4s)
  ✘   239 [chromium] › e2e/tests/microsoft-365.spec.ts:135:3 › Microsoft 365 - OneDrive Integration › should display document list (30.7s)
  ✘   240 [chromium] › e2e/tests/microsoft-365.spec.ts:146:3 › Microsoft 365 - OneDrive Integration › should navigate folders (30.6s)
  ✘   241 [chromium] › e2e/tests/microsoft-365.spec.ts:180:3 › Microsoft 365 - OneDrive Integration › should search documents (31.2s)
  ✘   245 [chromium] › e2e/tests/microsoft-365.spec.ts:242:3 › Microsoft 365 - SharePoint Integration › should display SharePoint section (7.5s)
  ✘   242 [chromium] › e2e/tests/microsoft-365.spec.ts:192:3 › Microsoft 365 - OneDrive Integration › should select and print document (30.7s)
  ✘   243 [chromium] › e2e/tests/microsoft-365.spec.ts:220:3 › Microsoft 365 - OneDrive Integration › should verify document source badge (30.8s)
  ✘   244 [chromium] › e2e/tests/microsoft-365.spec.ts:229:3 › Microsoft 365 - OneDrive Integration › should display document metadata (30.5s)
  ✘   249 [chromium] › e2e/tests/microsoft-365.spec.ts:297:3 › Microsoft 365 - Outlook Integration › should display Outlook section (6.3s)
  ✘   246 [chromium] › e2e/tests/microsoft-365.spec.ts:250:3 › Microsoft 365 - SharePoint Integration › should browse SharePoint documents (30.3s)
  ✘   247 [chromium] › e2e/tests/microsoft-365.spec.ts:259:3 › Microsoft 365 - SharePoint Integration › should select SharePoint site (30.3s)
  ✘   251 [chromium] › e2e/tests/microsoft-365.spec.ts:341:3 › Microsoft 365 - Print Settings › should display print settings section (6.2s)
  ✘   248 [chromium] › e2e/tests/microsoft-365.spec.ts:286:3 › Microsoft 365 - SharePoint Integration › should verify SharePoint document source (30.2s)
  ✘   254 [chromium] › e2e/tests/microsoft-365.spec.ts:375:3 › Microsoft 365 - Activity Log › should display activity log (6.3s)
  ✘   250 [chromium] › e2e/tests/microsoft-365.spec.ts:305:3 › Microsoft 365 - Outlook Integration › should select documents from email attachments (30.3s)
  ✘   255 [chromium] › e2e/tests/microsoft-365.spec.ts:383:3 › Microsoft 365 - Activity Log › should show activity entries (617ms)
  ✘   256 [chromium] › e2e/tests/microsoft-365.spec.ts:392:3 › Microsoft 365 - Activity Log › should refresh activity log (552ms)
  ✘   257 [chromium] › e2e/tests/microsoft-365.spec.ts:403:3 › Microsoft 365 - Activity Log › should show different activity types (580ms)
  ✘   258 [chromium] › e2e/tests/microsoft-365.spec.ts:420:3 › Microsoft 365 - Permissions › should display granted permissions (594ms)
  ✘   259 [chromium] › e2e/tests/microsoft-365.spec.ts:428:3 › Microsoft 365 - Permissions › should show required permissions (560ms)
  ✘   260 [chromium] › e2e/tests/microsoft-365.spec.ts:437:3 › Microsoft 365 - Permissions › should request additional permissions (651ms)
  ✘   252 [chromium] › e2e/tests/microsoft-365.spec.ts:349:3 › Microsoft 365 - Print Settings › should update print settings (30.3s)
  ✘   261 [chromium] › e2e/tests/microsoft-365.spec.ts:464:3 › Microsoft 365 - Error Handling › should handle authentication errors (613ms)
  ✘   262 [chromium] › e2e/tests/microsoft-365.spec.ts:483:3 › Microsoft 365 - Error Handling › should handle network errors gracefully (566ms)
  ✘   263 [chromium] › e2e/tests/microsoft-365.spec.ts:499:3 › Microsoft 365 - Error Handling › should handle rate limiting (532ms)
  ✘   264 [chromium] › e2e/tests/microsoft-365.spec.ts:524:3 › Microsoft 365 - Admin Only › should require admin access (592ms)
  ✘   265 [chromium] › e2e/tests/microsoft-365.spec.ts:533:3 › Microsoft 365 - Admin Only › should show admin-only features for admin users (504ms)
  ✘   266 [chromium] › e2e/tests/organization.spec.ts:42:3 › Organization Settings (Admin) › should display organization page header (561ms)
  ✘   253 [chromium] › e2e/tests/microsoft-365.spec.ts:364:3 › Microsoft 365 - Print Settings › should verify convert to PDF option (30.2s)
  ✘   267 [chromium] › e2e/tests/organization.spec.ts:46:3 › Organization Settings (Admin) › should display organization name (521ms)
  ✘   268 [chromium] › e2e/tests/organization.spec.ts:50:3 › Organization Settings (Admin) › should display organization plan (490ms)
  ✘   269 [chromium] › e2e/tests/organization.spec.ts:55:3 › Organization Settings (Admin) › should display usage statistics (594ms)
  ✘   270 [chromium] › e2e/tests/organization.spec.ts:61:3 › Organization Settings (Admin) › should display organization details card (542ms)
  ✘   271 [chromium] › e2e/tests/organization.spec.ts:68:3 › Organization Settings (Admin) › should open edit organization modal (491ms)
  ✘   272 [chromium] › e2e/tests/organization.spec.ts:73:3 › Organization Settings (Admin) › should update organization name (559ms)
  ✘   273 [chromium] › e2e/tests/organization.spec.ts:97:3 › Organization Settings (Admin) › should display users section (514ms)
  ✘   274 [chromium] › e2e/tests/organization.spec.ts:102:3 › Organization Settings (Admin) › should display users table (512ms)
  ✘   275 [chromium] › e2e/tests/organization.spec.ts:110:3 › Organization Settings (Admin) › should display user entries (452ms)
  ✘   276 [chromium] › e2e/tests/organization.spec.ts:116:3 › Organization Settings (Admin) › should open add user modal (540ms)
  ✓   279 [chromium] › e2e/tests/organization.spec.ts:152:3 › Organization Settings (Admin) › should cancel invitation (1.4s)
  ✓   280 [chromium] › e2e/tests/organization.spec.ts:170:3 › Organization Settings (Admin) › should change user role (1.4s)
  ✓   281 [chromium] › e2e/tests/organization.spec.ts:188:3 › Organization Settings (Admin) › should deactivate user (1.2s)
  ✘   278 [chromium] › e2e/tests/organization.spec.ts:144:3 › Organization Settings (Admin) › should display pending invitations (6.3s)
  ✘   283 [chromium] › e2e/tests/organization.spec.ts:216:3 › Organization Settings (Admin) › should display organization limits (6.2s)
  ✘   284 [chromium] › e2e/tests/organization.spec.ts:224:3 › Organization Settings (Admin) › should display danger zone (6.4s)
  ✘   286 [chromium] › e2e/tests/organization.spec.ts:241:3 › Organization Access Control › should redirect non-admin users to dashboard (1.6s)
  ✘   287 [chromium] › e2e/tests/organization.spec.ts:255:3 › Organization Access Control › should allow admin access (1.6s)
  ✘   277 [chromium] › e2e/tests/organization.spec.ts:122:3 › Organization Settings (Admin) › should invite new user (30.2s)
  ✘   288 [chromium] › e2e/tests/policies.spec.ts:8:3 › Print Policy Engine › should display policies page header (6.2s)
  ✘   282 [chromium] › e2e/tests/organization.spec.ts:206:3 › Organization Settings (Admin) › should search users (30.2s)
  ✓   290 [chromium] › e2e/tests/policies.spec.ts:16:3 › Print Policy Engine › should display empty state when no policies exist (599ms)
  ✘   289 [chromium] › e2e/tests/policies.spec.ts:12:3 › Print Policy Engine › should display create policy button (5.9s)
  ✘   285 [chromium] › e2e/tests/organization.spec.ts:229:3 › Organization Settings (Admin) › should require confirmation for organization deletion (30.2s)
  ✘   293 [chromium] › e2e/tests/policies.spec.ts:52:3 › Print Policy Engine › should display policy cards (6.1s)
  ✓   295 [chromium] › e2e/tests/policies.spec.ts:77:3 › Print Policy Engine › should toggle policy enabled state (471ms)
  ✓   296 [chromium] › e2e/tests/policies.spec.ts:88:3 › Print Policy Engine › should edit existing policy (456ms)
  ✓   297 [chromium] › e2e/tests/policies.spec.ts:104:3 › Print Policy Engine › should delete policy with confirmation (442ms)
  ✓   298 [chromium] › e2e/tests/policies.spec.ts:124:3 › Print Policy Engine › should display policy priority ordering (479ms)
  ✘   294 [chromium] › e2e/tests/policies.spec.ts:62:3 › Print Policy Engine › should display policy conditions and actions (6.0s)
  ✘   292 [chromium] › e2e/tests/policies.spec.ts:31:3 › Print Policy Engine › should create a new policy (32.3s)
  ✘   291 [chromium] › e2e/tests/policies.spec.ts:26:3 › Print Policy Engine › should open create policy modal (32.3s)
  ✘   299 [chromium] › e2e/tests/policies.spec.ts:134:3 › Print Policy Engine › should validate form inputs (32.0s)
  ✘   300 [chromium] › e2e/tests/policies.spec.ts:147:3 › Policy Form Modal › should show all form sections (32.2s)
  ✘   303 [chromium] › e2e/tests/print-release.spec.ts:8:3 › Secure Print Release › should display print release page header (5.8s)
  ✘   304 [chromium] › e2e/tests/print-release.spec.ts:12:3 › Secure Print Release › should display release station card (5.9s)
  ✘   305 [chromium] › e2e/tests/print-release.spec.ts:17:3 › Secure Print Release › should display printer selector (5.8s)
  ✘   306 [chromium] › e2e/tests/print-release.spec.ts:23:3 › Secure Print Release › should display PIN input (5.9s)
  ✓   307 [chromium] › e2e/tests/print-release.spec.ts:30:3 › Secure Print Release › should display release all button (590ms)
  ✓   308 [chromium] › e2e/tests/print-release.spec.ts:41:3 › Secure Print Release › should show empty state when no pending jobs (604ms)
  ✘   301 [chromium] › e2e/tests/policies.spec.ts:155:3 › Policy Form Modal › should handle checkbox actions (32.9s)
  ✓   309 [chromium] › e2e/tests/print-release.spec.ts:51:3 › Secure Print Release › should display job cards for pending jobs (652ms)
  ✘   302 [chromium] › e2e/tests/policies.spec.ts:174:3 › Policy Form Modal › should close modal on cancel (33.0s)
  ✓   310 [chromium] › e2e/tests/print-release.spec.ts:80:3 › Secure Print Release › should validate PIN input before release (543ms)
  ✓   311 [chromium] › e2e/tests/print-release.spec.ts:114:3 › Secure Print Release › should display job metadata (505ms)
  ✓   313 [chromium] › e2e/tests/print-release.spec.ts:124:3 › Secure Print Release › should display queued timestamp (522ms)
  ✓   314 [chromium] › e2e/tests/print-release.spec.ts:133:3 › Secure Print Release › should handle PIN input formatting (588ms)
  ✓   315 [chromium] › e2e/tests/print-release.spec.ts:143:3 › Secure Print Release › should show success message after release (516ms)
  ✓   316 [chromium] › e2e/tests/print-release.spec.ts:64:3 › Secure Print Release › should validate printer selection before release (728ms)
  ✓   317 [chromium] › e2e/tests/print-release.spec.ts:102:3 › Secure Print Release › should cancel pending job (790ms)
  ✓   319 [chromium] › e2e/tests/print-release.spec.ts:176:3 › Print Release Job Card › should display cancel and release buttons (518ms)
  ✓   320 [chromium] › e2e/tests/print-release.spec.ts:186:3 › Print Release Job Card › should show document name (492ms)
  ✓   321 [chromium] › e2e/tests/print-release.spec.ts:196:3 › Print Release Job Card › should show file size (448ms)
  ✓   322 [chromium] › e2e/tests/print-release.spec.ts:205:3 › Print Release Job Card › should indicate color printing (429ms)
  ✘   323 [chromium] › e2e/tests/printers.spec.ts:28:3 › Printers Page › should display printers page header (1.2s)
  ✘   312 [chromium] › e2e/tests/print-release.spec.ts:37:3 › Secure Print Release › should display pending jobs section (5.9s)
  ✘   325 [chromium] › e2e/tests/printers.spec.ts:38:3 › Printers Page › should show printer status badges (1.3s)
  ✘   324 [chromium] › e2e/tests/printers.spec.ts:32:3 › Printers Page › should display printer cards (6.4s)
  ✓   327 [chromium] › e2e/tests/printers.spec.ts:67:3 › Printers Page › should display add printer button (1.3s)
  ✘   318 [chromium] › e2e/tests/print-release.spec.ts:163:3 › Secure Print Release › should poll for new jobs (11.9s)
  ✘   329 [chromium] › e2e/tests/printers.spec.ts:71:3 › Printers Page › should open add printer modal (1.3s)
  ✘   326 [chromium] › e2e/tests/printers.spec.ts:52:3 › Printers Page › should display printer capabilities (6.5s)
  ✓   330 [chromium] › e2e/tests/printers.spec.ts:88:3 › Printers Page › should filter printers by status (1.5s)
  ✓   331 [chromium] › e2e/tests/printers.spec.ts:97:3 › Printers Page › should search printers (1.9s)
  ✘   328 [chromium] › e2e/tests/printers.spec.ts:76:3 › Printers Page › should show empty state when no printers (6.5s)
  ✓   333 [chromium] › e2e/tests/printers.spec.ts:113:3 › Printers Page › should edit printer (1.2s)
  ✓   334 [chromium] › e2e/tests/printers.spec.ts:129:3 › Printers Page › should delete printer with confirmation (1.2s)
  ✘   332 [chromium] › e2e/tests/printers.spec.ts:105:3 › Printers Page › should display printer details (6.6s)
  ✘   335 [chromium] › e2e/tests/printers.spec.ts:153:3 › Printers Page › should display paper sizes supported (6.4s)
  ✘   336 [chromium] › e2e/tests/printers.spec.ts:172:3 › Add Printer Flow › should show form fields when adding printer (6.5s)
  ✘   337 [chromium] › e2e/tests/printers.spec.ts:148:3 › Printers Page › should show printer agent name (6.4s)
  ✘   338 [chromium] › e2e/tests/printers.spec.ts:179:3 › Add Printer Flow › should validate printer name (6.8s)
  ✘   341 [chromium] › e2e/tests/quotas.spec.ts:9:3 › Cost Tracking & Quotas Management › should display quotas page header (5.9s)
  ✘   342 [chromium] › e2e/tests/quotas.spec.ts:20:3 › Cost Tracking & Quotas Management › should display organization overview cards (5.9s)
  ✘   343 [chromium] › e2e/tests/quotas.spec.ts:29:3 › Cost Tracking & Quotas Management › should display user quotas table (5.9s)
  ✓   344 [chromium] › e2e/tests/quotas.spec.ts:39:3 › Cost Tracking & Quotas Management › should open edit quota modal when clicking edit (459ms)
  ✓   346 [chromium] › e2e/tests/quotas.spec.ts:50:3 › Cost Tracking & Quotas Management › should display quota usage indicators (453ms)
  ✓   347 [chromium] › e2e/tests/quotas.spec.ts:65:3 › Cost Tracking & Quotas Management › should update quota when form is submitted (400ms)
  ✓   348 [chromium] › e2e/tests/quotas.spec.ts:84:3 › Cost Tracking & Quotas Management › should close modal when cancel is clicked (430ms)
  ✓   349 [chromium] › e2e/tests/quotas.spec.ts:95:3 › Cost Tracking & Quotas Management › should show over quota status for users exceeding limits (423ms)
  ✘   345 [chromium] › e2e/tests/quotas.spec.ts:58:3 › Cost Tracking & Quotas Management › should display cost history section (5.7s)
  ✘   351 [chromium] › e2e/tests/quotas.spec.ts:116:3 › Quotas API Interactions › should handle API errors gracefully (490ms)
  ✓   350 [chromium] › e2e/tests/quotas.spec.ts:107:3 › Quotas API Interactions › should fetch and display organization quotas (5.7s)
  ✘   353 [chromium] › e2e/tests/realtime-updates.spec.ts:13:3 › Real-time Updates - WebSocket Connection › should establish WebSocket connection (1.1s)
  ✘   352 [chromium] › e2e/tests/realtime-updates.spec.ts:24:3 › Real-time Updates - WebSocket Connection › should show connection status indicator (6.0s)
  ✘   339 [chromium] › e2e/tests/printers.spec.ts:189:3 › Add Printer Flow › should create new printer (32.5s)
  ✘   340 [chromium] › e2e/tests/printers.spec.ts:214:3 › Add Printer Flow › should cancel adding printer (32.4s)
  ✘   354 [chromium] › e2e/tests/realtime-updates.spec.ts:33:3 › Real-time Updates - WebSocket Connection › should handle connection failure gracefully (6.2s)
  ✘   358 [chromium] › e2e/tests/realtime-updates.spec.ts:111:3 › Real-time Updates - Job Status › should update job list in real-time (1.9s)
  ✘   356 [chromium] › e2e/tests/realtime-updates.spec.ts:68:3 › Real-time Updates - Job Status › should receive job status updates (6.7s)
  ✘   355 [chromium] › e2e/tests/realtime-updates.spec.ts:50:3 › Real-time Updates - WebSocket Connection › should reconnect automatically (8.2s)
  ✘   360 [chromium] › e2e/tests/realtime-updates.spec.ts:163:3 › Real-time Updates - Job Status › should show multiple job updates simultaneously (2.2s)
  ✘   357 [chromium] › e2e/tests/realtime-updates.spec.ts:91:3 › Real-time Updates - Job Status › should show job progress in real-time (13.0s)
  ✘   359 [chromium] › e2e/tests/realtime-updates.spec.ts:137:3 › Real-time Updates - Job Status › should handle job failure notifications (6.6s)
  ✘   361 [chromium] › e2e/tests/realtime-updates.spec.ts:187:3 › Real-time Updates - Printer Status › should receive printer status updates (7.0s)
  ✘   362 [chromium] › e2e/tests/realtime-updates.spec.ts:209:3 › Real-time Updates - Printer Status › should show printer error notifications (6.6s)
  ✘   363 [chromium] › e2e/tests/realtime-updates.spec.ts:231:3 › Real-time Updates - Printer Status › should update printer status back to online (7.1s)
  ✘   365 [chromium] › e2e/tests/realtime-updates.spec.ts:269:3 › Real-time Updates - Notifications › should receive toast notifications (6.7s)
